Log file open, 05/20/15 18:36:26
LogInit:Display: Running engine for game: MyPaper2DGame
LogInit: Version: 4.7.6-2513093+++depot+UE4-Releases+4.7
LogInit: API Version: 2455222
LogInit: Compiled (64-bit): Apr 15 2015 12:09:54
LogInit: Compiled with Visual C++: 18.00.21005.01
LogInit: Build Configuration: Development
LogInit: Branch Name: ++depot+UE4-Releases+4.7
LogInit: Command line: 
LogInit: Base directory: C:/Program Files/Epic Games/4.7/Engine/Binaries/Win64/
LogInit: Rocket: 1
[2015.05.20-23.36.26:258][  0]LogTaskGraph: Started task graph with 3 named threads and 6 total threads.
[2015.05.20-23.36.26:332][  0]LogOnline:Warning: No default platform service specified for OnlineSubsystem
[2015.05.20-23.36.26:367][  0]LogInit: Presizing for 0 objects not considered by GC, pre-allocating 0 bytes.
[2015.05.20-23.36.26:394][  0]LogInit: Object subsystem initialized
[2015.05.20-23.36.26:399][  0]LogConsoleResponse:Warning: Skipping Unknown console variable: 'TranslucentSortAxis = (X=0.000000,Y=-1.000000,Z=0.000000)'
[2015.05.20-23.36.26:399][  0]LogConsoleResponse:Warning:   Found in ini file 'D:/Documents/NorthwesternCourses/EECS370/NetherGame/Character and Platform Movement/Saved/Config/Windows/Engine.ini', in section '[/Script/Engine.RendererSettings]'
[2015.05.20-23.36.26:399][  0]LogConsoleResponse:Warning: Skipping Unknown console variable: 'UIScaleRule = ShortestSide'
[2015.05.20-23.36.26:399][  0]LogConsoleResponse:Warning:   Found in ini file 'D:/Documents/NorthwesternCourses/EECS370/NetherGame/Character and Platform Movement/Saved/Config/Windows/Engine.ini', in section '[/Script/Engine.RendererSettings]'
[2015.05.20-23.36.26:399][  0]LogConsoleResponse:Warning: Skipping Unknown console variable: 'UIScaleCurve = (EditorCurveData=(Keys=),ExternalCurve=None)'
[2015.05.20-23.36.26:399][  0]LogConsoleResponse:Warning:   Found in ini file 'D:/Documents/NorthwesternCourses/EECS370/NetherGame/Character and Platform Movement/Saved/Config/Windows/Engine.ini', in section '[/Script/Engine.RendererSettings]'
[2015.05.20-23.36.26:400][  0]LogInit: Selected Device Profile: [Windows]
[2015.05.20-23.36.26:400][  0]LogInit: Applying CVar settings loaded from the selected device profile: [Windows]
[2015.05.20-23.36.26:450][  0]LogInit: Computer: COREY-ASUS
[2015.05.20-23.36.26:450][  0]LogInit: User: Corey
[2015.05.20-23.36.26:450][  0]LogInit: CPU Page size=4096, Cores=4
[2015.05.20-23.36.26:450][  0]LogInit: High frequency timer resolution =2.241044 MHz
[2015.05.20-23.36.26:450][  0]LogMemory: Memory total: Physical=8.0GB (8GB approx) Virtual=8192.0GB
[2015.05.20-23.36.26:451][  0]LogMemory: Platform Memory Stats for Windows
[2015.05.20-23.36.26:451][  0]LogMemory: Process Physical Memory: 47.93 MB used, 47.93 MB peak
[2015.05.20-23.36.26:451][  0]LogMemory: Process Virtual Memory: 24.40 MB used, 25.16 MB peak
[2015.05.20-23.36.26:451][  0]LogMemory: Physical Memory: 5830.87 MB used, 8145.34 MB total
[2015.05.20-23.36.26:451][  0]LogMemory: Virtual Memory: 277.38 MB used, 8388608.00 MB total
[2015.05.20-23.36.26:523][  0]LogD3D11RHI: Found D3D11 adapter 0: NVIDIA GeForce GTX 660M   (Feature Level 11_0)
[2015.05.20-23.36.26:523][  0]LogD3D11RHI: Adapter has 1990MB of dedicated video memory, 0MB of dedicated system memory, and 2048MB of shared system memory, 1 output[s]
[2015.05.20-23.36.26:523][  0]LogD3D11RHI: Chosen D3D11 Adapter Id = 0
[2015.05.20-23.36.26:536][  0]LogRHI: Texture pool is 1361 MB (70% of 1945 MB)
[2015.05.20-23.36.26:552][  0]LogD3D11RHI: Async texture creation enabled
[2015.05.20-23.36.26:644][  0]LogTextLocalizationManager: The requested culture ('en_US') has no localization data; parent culture's ('en') localization data will be used.
[2015.05.20-23.36.26:813][  0]LogTextLocalizationManager:Warning: Loading localization resources contain conflicting entries for (Namespace:UICommands, Key:Save_ToolTip):
Resource: (C:/Program Files/Epic Games/4.7/Engine/Content/Localization/Editor/en/Editor.locres) Hash: (-29098895) String: (Saves the current level to disk)
Resource: (C:/Program Files/Epic Games/4.7/Engine/Content/Localization/Engine/en/Engine.locres) Hash: (-1280300587) String: (Save selected data to vlog file)
[2015.05.20-23.36.26:813][  0]LogTextLocalizationManager:Warning: Loading localization resources contain conflicting entries for (Namespace:ContentBrowser, Key:ImportAssetToolTip):
Resource: (C:/Program Files/Epic Games/4.7/Engine/Content/Localization/Editor/en/Editor.locres) Hash: (-630476809) String: (Import to {0}...)
Resource: (C:/Program Files/Epic Games/4.7/Engine/Content/Localization/Editor/en/Editor.locres) Hash: (1271782899) String: (Imports an asset from file to this folder.)
[2015.05.20-23.36.27:024][  0]LogContentStreaming: Texture pool size is 0.000000MB
[2015.05.20-23.36.33:445][  0]LogTargetPlatformManager:Display: Building Assets For Windows
[2015.05.20-23.36.34:791][  0]LogTargetPlatformManager:Display: Building Assets For Windows
[2015.05.20-23.36.34:940][  0]LogDerivedDataCache:Display: Max Cache Size: 512 MB
[2015.05.20-23.36.35:033][  0]LogDerivedDataCache: Loaded boot cache 0.09s 39MB C:/Users/Corey/AppData/Local/UnrealEngine/4.7/DerivedDataCache/Boot.ddc.
[2015.05.20-23.36.35:033][  0]LogDerivedDataCache:Display: Loaded Boot cache: C:/Users/Corey/AppData/Local/UnrealEngine/4.7/DerivedDataCache/Boot.ddc
[2015.05.20-23.36.35:033][  0]LogDerivedDataCache: FDerivedDataBackendGraph:  Pak pak cache file D:/Documents/NorthwesternCourses/EECS370/NetherGame/Character and Platform Movement/DerivedDataCache/DDC.ddp not found, will not use a pak cache.
[2015.05.20-23.36.35:033][  0]LogDerivedDataCache: Unable to find inner node Pak for hierarchical cache Hierarchy.
[2015.05.20-23.36.35:377][  0]LogDerivedDataCache:Display: Pak cache opened for reading ../../../Engine/DerivedDataCache/Compressed.ddp.
[2015.05.20-23.36.35:391][  0]LogDerivedDataCache: Using Local data cache path C:/Users/Corey/AppData/Local/UnrealEngine/Common/DerivedDataCache: Writable
[2015.05.20-23.36.36:172][  0]LogMeshUtilities: No automatic mesh reduction module available
[2015.05.20-23.36.36:172][  0]LogMeshUtilities: No automatic mesh merging module available
[2015.05.20-23.36.37:090][  0]LogInit: WinSock: version 1.1 (2.2), MaxSocks=32767, MaxUdp=65467
[2015.05.20-23.36.37:296][  0]LogSlate:Warning: Failed to load font data from '../../../Engine/Content/Slate/Fonts/Roboto-Italic.ttf'
[2015.05.20-23.36.39:110][  0]UdpMessaging: Initializing bridge on interface 0.0.0.0:0 to multicast group 230.0.0.1:6666.
[2015.05.20-23.36.39:552][  0]SourceControl: Info Source control is disabled
[2015.05.20-23.36.39:552][  0]SourceControl: Info Source control is disabled
[2015.05.20-23.36.39:552][  0]SourceControl: Info Source control is disabled
[2015.05.20-23.36.39:552][  0]LogSourceControl: RunCommandInternalRaw: 'git version'
[2015.05.20-23.36.39:553][  0]LogSourceControl: RunCommandInternalRaw: ExecProcess ReturnCode=2 OutResults=''
[2015.05.20-23.36.39:578][  0]LogSourceControl: RunCommandInternalRaw: 'git version'
[2015.05.20-23.36.40:393][  0]LogSourceControl: RunCommandInternalRaw: ExecProcess ReturnCode=0 OutResults='git version 1.9.4.msysgit.2
'
[2015.05.20-23.36.40:883][  0]LogObj: 24232 objects as part of root set at end of initial load.
[2015.05.20-23.36.40:883][  0]LogUObjectAllocator: 5137176 out of 0 bytes used by permanent object pool.
[2015.05.20-23.36.41:088][  0]LogEngine: Initializing Engine...
[2015.05.20-23.36.44:489][  0]LogInit: XAudio2 using 'Speakers (High Definition Audio Device)' : 2 channels at 44.1 kHz using 16 bits per sample (channel mask 0x3)
[2015.05.20-23.36.44:537][  0]LogInit: FAudioDevice initialized.
[2015.05.20-23.36.44:637][  0]LogAIModule: Creating AISystem for world NewWorld
[2015.05.20-23.36.44:682][  0]LogDerivedDataCache: Saved boot cache 0.04s 39MB C:/Users/Corey/AppData/Local/UnrealEngine/4.7/DerivedDataCache/Boot.ddc.
[2015.05.20-23.36.44:692][  0]LogInit: Texture streaming: Enabled
[2015.05.20-23.36.44:941][  0]LogAnalytics: Creating configured Analytics provider AnalyticsET
[2015.05.20-23.36.44:942][  0]LogAnalytics: ET APIKey = Rocket.Release. APIServer = http://et2.epicgames.com/ET2/. AppVersion = 4.7.6-2513093+++depot+UE4-Releases+4.7
[2015.05.20-23.36.44:942][  0]LogAnalytics: ET APIKey = Rocket.Release. DataRouterUploadURL = https://datarouter-public-service-gamedev.ol.epicgames.net/datarouter/api/v1/public/data. AppVersion = 4.7.6-2513093+++depot+UE4-Releases+4.7
[2015.05.20-23.36.44:942][  0]LogAnalytics: SetUserId 12c3219546f8b89cd18dddafbb722cfc|65f93cb7fab04589be3cdcb1a89bdbef|be809adc-8ff5-4496-88c6-d743b9cfa36d
[2015.05.20-23.36.44:942][  0]LogAnalytics: AnalyticsET::StartSession [Rocket.Release]
[2015.05.20-23.36.45:000][  0]LogInit: Transaction tracking system initialized
[2015.05.20-23.36.45:446][  0]BlueprintLog: New page: Editor Load
[2015.05.20-23.36.45:520][  0]LogAssetRegistry: FAssetRegistry took 0.0100 seconds to start up
[2015.05.20-23.36.45:521][  0]LogDirectoryWatcher:Warning: Failed to begin reading directory changes for ../../../Engine/Plugins/Experimental/CharacterAI/Content/. Error: 0
[2015.05.20-23.36.46:782][  0]LogTargetPlatformManager:Display: Building Assets For Windows
[2015.05.20-23.36.47:610][  0]LogTargetPlatformManager:Display: Building Assets For Windows
[2015.05.20-23.36.48:275][  0]LogSlate:Warning: Failed to load font data from '../../../Engine/Content/Editor/Slate/Fonts/Roboto-Regular.ttf'
[2015.05.20-23.36.48:276][  0]LogSlate:Warning: Failed to load font data from '../../../Engine/Content/Editor/Slate/Fonts/Roboto-Bold.ttf'
[2015.05.20-23.36.48:288][  0]LogConsoleResponse:Display: 
[2015.05.20-23.36.48:726][  0]LogCook:Display: Done creating registry. It took  0.00s.
[2015.05.20-23.36.49:106][  0]LogSourceControl: RunCommandInternalRaw: 'git version'
[2015.05.20-23.36.49:121][  0]LogSourceControl: RunCommandInternalRaw: ExecProcess ReturnCode=0 OutResults='git version 1.9.4.msysgit.2
'
[2015.05.20-23.36.49:122][  0]Cmd: MAP LOAD FILE="D:/Documents/NorthwesternCourses/EECS370/NetherGame/Character and Platform Movement/Content/NewMap.umap" TEMPLATE=0 SHOWPROGRESS=1 FEATURELEVEL=3
[2015.05.20-23.36.49:147][  0]LightingResults: New page: Lighting Build
[2015.05.20-23.36.49:176][  0]MapCheck: New page: Map Check
[2015.05.20-23.36.49:176][  0]LightingResults: New page: Lighting Build
[2015.05.20-23.36.49:191][  0]LogParticles: Destroying 0 GPU particle simulations for FXSystem 0x0000000011E9D6C0
[2015.05.20-23.36.52:119][  0]LogEditorServer: Finished looking for orphan Actors (0.000 secs)
[2015.05.20-23.36.52:121][  0]LogAIModule: Creating AISystem for world NewMap
[2015.05.20-23.36.52:122][  0]Cmd: MAP CHECKDEP
[2015.05.20-23.36.52:122][  0]MapCheck: New page: NewMap - May 20, 2015, 1:36:52 PM
[2015.05.20-23.36.52:346][  0]MapCheck: Info Map check complete: 0 Error(s), 0 Warning(s), took 223.664ms to complete.
[2015.05.20-23.36.52:346][  0]LogFileHelpers: Loading map 'NewMap' took 3.224
[2015.05.20-23.36.53:584][  0]LogSourceControl: RunCommandInternalRaw: 'git status'
[2015.05.20-23.36.53:584][  0]LogCollectionManager: Loaded 0 collections in 0.004857 seconds
[2015.05.20-23.36.53:615][  0]LogContentBrowser: Native class hierarchy populated in 0.0303 seconds. Added 1696 classes and 261 folders.
[2015.05.20-23.36.53:897][  0]LogSourceControl: RunCommandInternalRaw: ExecProcess ReturnCode=0 OutResults='On branch master
Your branch is up-to-date with 'origin/master'.

Changes not staged for commit:
  (use "git add <file>..." to update what will be committed)
  (use "git checkout -- <file>..." to discard changes in working directory)

	modified:   Character and Platform Movement/Intermediate/CachedAssetRegistry.bin
	modified:   Character and Platform Movement/Saved/Autosaves/PackageRestoreData.json
	modified:   Character and Platform Movement/Saved/Config/Windows/Editor.ini
	modified:   Character and Platform Movement/Saved/Config/Windows/EditorLayout.ini
	modified:   Character and Platform Movement/Saved/Config/Windows/EditorUserSettings.ini
	modified:   Character and Platform Movement/Saved/Config/Windows/Engine.ini
	modified:   Character and Platform Movement/Saved/Logs/MyPaper2DGame.log

Untracked files:
  (use "git add <file>..." to include in what will be committed)

	Character and Platform Movement/Saved/Logs/MyPaper2DGame-backup-2015.05.20-18.36.25.log

no changes added to commit (use "git add" and/or "git commit -a")
'
[2015.05.20-23.36.53:897][  0]LogSourceControl: RunCommandInternalRaw: 'git symbolic-ref --short HEAD'
[2015.05.20-23.36.53:897][  0]LogSourceControl: RunCommandInternalRaw: ExecProcess ReturnCode=0 OutResults='master
'
[2015.05.20-23.36.53:897][  0]LogContentBrowser: Native class hierarchy updated for 'SceneOutliner' in 0.0046 seconds. Added 1 classes and 2 folders.
[2015.05.20-23.36.54:611][  0]LogCrashTracker: Crashtracker disabled due to settings.
[2015.05.20-23.36.54:692][  0]LogSlate:Warning: Failed to load font data from 'Veranda'
[2015.05.20-23.36.54:711][  0]LogUObjectGlobals:Warning: Failed to find object 'Class None.'
[2015.05.20-23.36.54:770][  0]LogLoad: Full Startup: 33.19 seconds (BP compile: 0.72 seconds)
[2015.05.20-23.36.54:849][  0]LogContentBrowser:Verbose: The content browser source was changed by the sources view to '/Game/FlipBooks'
[2015.05.20-23.36.55:254][  0]SourceControl: Info master
[2015.05.20-23.36.55:654][  0]LogRenderer:Warning: Reallocating scene render targets to support 888x568 (Frame:2).
[2015.05.20-23.36.57:298][ 13]LogAssetRegistry: Asset discovery search completed in 11.7879 seconds
[2015.05.20-23.36.57:347][ 14]LogSourceControl: RunCommandInternalRaw: 'git status --porcelain --ignored "D:/Documents/NorthwesternCourses/EECS370/NetherGame/Character and Platform Movement/Content/FlipBooks/JumpFlipbook.uasset" "D:/Documents/NorthwesternCourses/EECS370/NetherGame/Character and Platform Movement/Content/FlipBooks/player_idleFlipbook.uasset" "D:/Documents/NorthwesternCourses/EECS370/NetherGame/Character and Platform Movement/Content/FlipBooks/RunFlipbook.uasset"'
[2015.05.20-23.36.57:347][ 14]LogSourceControl: RunCommandInternalRaw: ExecProcess ReturnCode=0 OutResults=''
[2015.05.20-23.37.00:972][214]LogSourceControl: RunCommandInternalRaw: 'git status --porcelain --ignored "D:/Documents/NorthwesternCourses/EECS370/NetherGame/Character and Platform Movement/Content/FlipBooks/IdleFlipbook.uasset"'
[2015.05.20-23.37.01:004][216]LogSourceControl: RunCommandInternalRaw: ExecProcess ReturnCode=0 OutResults=''
[2015.05.20-23.37.08:333][552]LogContentBrowser:Verbose: The content browser source was changed by the sources view to '/Game/FlipBooks'
[2015.05.20-23.37.09:265][606]LogSourceControl: RunCommandInternalRaw: 'git status --porcelain --ignored "D:/Documents/NorthwesternCourses/EECS370/NetherGame/Character and Platform Movement/Content/FlipBooks/IdleFlipbook.uasset" "D:/Documents/NorthwesternCourses/EECS370/NetherGame/Character and Platform Movement/Content/FlipBooks/JumpFlipbook.uasset" "D:/Documents/NorthwesternCourses/EECS370/NetherGame/Character and Platform Movement/Content/FlipBooks/player_idleFlipbook.uasset" "D:/Documents/NorthwesternCourses/EECS370/NetherGame/Character and Platform Movement/Content/FlipBooks/RunFlipbook.uasset"'
[2015.05.20-23.37.09:297][608]LogSourceControl: RunCommandInternalRaw: ExecProcess ReturnCode=0 OutResults=''
[2015.05.20-23.37.20:753][290]LogSourceControl: RunCommandInternalRaw: 'git status --porcelain --ignored "D:/Documents/NorthwesternCourses/EECS370/NetherGame/Character and Platform Movement/Content/FlipBooks/player_runFlibook.uasset"'
[2015.05.20-23.37.20:788][290]LogSourceControl: RunCommandInternalRaw: ExecProcess ReturnCode=0 OutResults=''
[2015.05.20-23.37.21:835][350]LogSourceControl: RunCommandInternalRaw: 'git status --porcelain --ignored "D:/Documents/NorthwesternCourses/EECS370/NetherGame/Character and Platform Movement/Content/FlipBooks/player_runFlibook.uasset"'
[2015.05.20-23.37.21:869][352]LogSourceControl: RunCommandInternalRaw: ExecProcess ReturnCode=0 OutResults=''
[2015.05.20-23.37.24:152][448]LogRenderer:Warning: Reallocating scene render targets to support 1168x808 (Frame:4).
[2015.05.20-23.37.43:473][554]LogSourceControl: RunCommandInternalRaw: 'git status --porcelain --ignored "D:/Documents/NorthwesternCourses/EECS370/NetherGame/Character and Platform Movement/Content/Sprites/2DBackground_Sprite.uasset" "D:/Documents/NorthwesternCourses/EECS370/NetherGame/Character and Platform Movement/Content/Sprites/CharacterJumping_Sprite.uasset" "D:/Documents/NorthwesternCourses/EECS370/NetherGame/Character and Platform Movement/Content/Sprites/Idle_1.uasset" "D:/Documents/NorthwesternCourses/EECS370/NetherGame/Character and Platform Movement/Content/Sprites/Idle_2.uasset" "D:/Documents/NorthwesternCourses/EECS370/NetherGame/Character and Platform Movement/Content/Sprites/Idle_3.uasset" "D:/Documents/NorthwesternCourses/EECS370/NetherGame/Character and Platform Movement/Content/Sprites/Idle_4.uasset" "D:/Documents/NorthwesternCourses/EECS370/NetherGame/Character and Platform Movement/Content/Sprites/Idle_5.uasset" "D:/Documents/NorthwesternCourses/EECS370/NetherGame/Character and Platform Movement/Content/Sprites/Idle_6.uasset"'
[2015.05.20-23.37.43:507][556]LogSourceControl: RunCommandInternalRaw: ExecProcess ReturnCode=0 OutResults=''
[2015.05.20-23.37.45:649][656]LogSourceControl: RunCommandInternalRaw: 'git status --porcelain --ignored "D:/Documents/NorthwesternCourses/EECS370/NetherGame/Character and Platform Movement/Content/Sprites/player_idle_6.uasset" "D:/Documents/NorthwesternCourses/EECS370/NetherGame/Character and Platform Movement/Content/Sprites/player_idle_7.uasset" "D:/Documents/NorthwesternCourses/EECS370/NetherGame/Character and Platform Movement/Content/Sprites/player_jumping_1.uasset" "D:/Documents/NorthwesternCourses/EECS370/NetherGame/Character and Platform Movement/Content/Sprites/player_running_1.uasset" "D:/Documents/NorthwesternCourses/EECS370/NetherGame/Character and Platform Movement/Content/Sprites/player_walking_1.uasset"'
[2015.05.20-23.37.45:682][658]LogSourceControl: RunCommandInternalRaw: ExecProcess ReturnCode=0 OutResults=''
[2015.05.20-23.37.45:699][659]LogSourceControl: RunCommandInternalRaw: 'git status --porcelain --ignored "D:/Documents/NorthwesternCourses/EECS370/NetherGame/Character and Platform Movement/Content/Sprites/PrototypeTexture_Sprite.uasset"'
[2015.05.20-23.37.45:731][661]LogSourceControl: RunCommandInternalRaw: ExecProcess ReturnCode=0 OutResults=''
[2015.05.20-23.37.45:749][662]LogSourceControl: RunCommandInternalRaw: 'git status --porcelain --ignored "D:/Documents/NorthwesternCourses/EECS370/NetherGame/Character and Platform Movement/Content/Sprites/Run_1.uasset"'
[2015.05.20-23.37.45:781][664]LogSourceControl: RunCommandInternalRaw: ExecProcess ReturnCode=0 OutResults=''
[2015.05.20-23.37.45:898][671]LogSourceControl: RunCommandInternalRaw: 'git status --porcelain --ignored "D:/Documents/NorthwesternCourses/EECS370/NetherGame/Character and Platform Movement/Content/Sprites/Run_2.uasset"'
[2015.05.20-23.37.45:932][673]LogSourceControl: RunCommandInternalRaw: ExecProcess ReturnCode=0 OutResults=''
[2015.05.20-23.37.46:551][710]LogSourceControl: RunCommandInternalRaw: 'git status --porcelain --ignored "D:/Documents/NorthwesternCourses/EECS370/NetherGame/Character and Platform Movement/Content/Sprites/player_idle_5.uasset"'
[2015.05.20-23.37.46:585][712]LogSourceControl: RunCommandInternalRaw: ExecProcess ReturnCode=0 OutResults=''
[2015.05.20-23.37.56:645][305]LogSourceControl: RunCommandInternalRaw: 'git status --porcelain --ignored "D:/Documents/NorthwesternCourses/EECS370/NetherGame/Character and Platform Movement/Content/Sprites/2DBackground_Sprite.uasset" "D:/Documents/NorthwesternCourses/EECS370/NetherGame/Character and Platform Movement/Content/Sprites/CharacterJumping_Sprite.uasset" "D:/Documents/NorthwesternCourses/EECS370/NetherGame/Character and Platform Movement/Content/Sprites/Idle_1.uasset" "D:/Documents/NorthwesternCourses/EECS370/NetherGame/Character and Platform Movement/Content/Sprites/Idle_2.uasset" "D:/Documents/NorthwesternCourses/EECS370/NetherGame/Character and Platform Movement/Content/Sprites/Idle_3.uasset" "D:/Documents/NorthwesternCourses/EECS370/NetherGame/Character and Platform Movement/Content/Sprites/Idle_4.uasset" "D:/Documents/NorthwesternCourses/EECS370/NetherGame/Character and Platform Movement/Content/Sprites/Idle_5.uasset" "D:/Documents/NorthwesternCourses/EECS370/NetherGame/Character and Platform Movement/Content/Sprites/Idle_6.uasset"'
[2015.05.20-23.37.56:678][307]LogSourceControl: RunCommandInternalRaw: ExecProcess ReturnCode=0 OutResults=''
[2015.05.20-23.37.58:287][398]LogSourceControl: RunCommandInternalRaw: 'git status --porcelain --ignored "D:/Documents/NorthwesternCourses/EECS370/NetherGame/Character and Platform Movement/Content/Sprites/player_jumping_1.uasset"'
[2015.05.20-23.37.58:335][399]LogSourceControl: RunCommandInternalRaw: ExecProcess ReturnCode=0 OutResults=''
[2015.05.20-23.37.58:335][399]LogSourceControl: RunCommandInternalRaw: 'git status --porcelain --ignored "D:/Documents/NorthwesternCourses/EECS370/NetherGame/Character and Platform Movement/Content/Sprites/player_running_1.uasset" "D:/Documents/NorthwesternCourses/EECS370/NetherGame/Character and Platform Movement/Content/Sprites/player_walking_1.uasset"'
[2015.05.20-23.37.58:354][399]LogSourceControl: RunCommandInternalRaw: ExecProcess ReturnCode=0 OutResults=''
[2015.05.20-23.37.58:433][402]LogSourceControl: RunCommandInternalRaw: 'git status --porcelain --ignored "D:/Documents/NorthwesternCourses/EECS370/NetherGame/Character and Platform Movement/Content/Sprites/PrototypeTexture_Sprite.uasset" "D:/Documents/NorthwesternCourses/EECS370/NetherGame/Character and Platform Movement/Content/Sprites/Run_1.uasset" "D:/Documents/NorthwesternCourses/EECS370/NetherGame/Character and Platform Movement/Content/Sprites/Run_2.uasset"'
[2015.05.20-23.37.58:461][403]LogSourceControl: RunCommandInternalRaw: ExecProcess ReturnCode=0 OutResults=''
[2015.05.20-23.37.58:477][404]LogSourceControl: RunCommandInternalRaw: 'git status --porcelain --ignored "D:/Documents/NorthwesternCourses/EECS370/NetherGame/Character and Platform Movement/Content/Sprites/Run_3.uasset"'
[2015.05.20-23.37.58:496][405]LogSourceControl: RunCommandInternalRaw: 'git status --porcelain --ignored "D:/Documents/NorthwesternCourses/EECS370/NetherGame/Character and Platform Movement/Content/Sprites/Run_4.uasset"'
[2015.05.20-23.37.58:511][406]LogSourceControl: RunCommandInternalRaw: ExecProcess ReturnCode=0 OutResults=''
[2015.05.20-23.37.58:546][408]LogSourceControl: RunCommandInternalRaw: ExecProcess ReturnCode=0 OutResults=''
[2015.05.20-23.37.59:046][438]LogSourceControl: RunCommandInternalRaw: 'git status --porcelain --ignored "D:/Documents/NorthwesternCourses/EECS370/NetherGame/Character and Platform Movement/Content/Sprites/player_idle_7.uasset"'
[2015.05.20-23.37.59:079][440]LogSourceControl: RunCommandInternalRaw: ExecProcess ReturnCode=0 OutResults=''
[2015.05.20-23.38.32:634][437]LogSourceControl: RunCommandInternalRaw: 'git status --porcelain --ignored "D:/Documents/NorthwesternCourses/EECS370/NetherGame/Character and Platform Movement/Content/Sprites/2DBackground_Sprite.uasset" "D:/Documents/NorthwesternCourses/EECS370/NetherGame/Character and Platform Movement/Content/Sprites/CharacterJumping_Sprite.uasset" "D:/Documents/NorthwesternCourses/EECS370/NetherGame/Character and Platform Movement/Content/Sprites/Idle_1.uasset" "D:/Documents/NorthwesternCourses/EECS370/NetherGame/Character and Platform Movement/Content/Sprites/Idle_2.uasset" "D:/Documents/NorthwesternCourses/EECS370/NetherGame/Character and Platform Movement/Content/Sprites/Idle_3.uasset" "D:/Documents/NorthwesternCourses/EECS370/NetherGame/Character and Platform Movement/Content/Sprites/Idle_4.uasset" "D:/Documents/NorthwesternCourses/EECS370/NetherGame/Character and Platform Movement/Content/Sprites/Idle_5.uasset" "D:/Documents/NorthwesternCourses/EECS370/NetherGame/Character and Platform Movement/Content/Sprites/Idle_6.uasset"'
[2015.05.20-23.38.32:668][439]LogSourceControl: RunCommandInternalRaw: ExecProcess ReturnCode=0 OutResults=''
[2015.05.20-23.38.34:560][532]LogSourceControl: RunCommandInternalRaw: 'git status --porcelain --ignored "D:/Documents/NorthwesternCourses/EECS370/NetherGame/Character and Platform Movement/Content/Sprites/PrototypeTexture_Sprite.uasset"'
[2015.05.20-23.38.34:591][534]LogSourceControl: RunCommandInternalRaw: ExecProcess ReturnCode=0 OutResults=''
[2015.05.20-23.38.34:775][545]LogSourceControl: RunCommandInternalRaw: 'git status --porcelain --ignored "D:/Documents/NorthwesternCourses/EECS370/NetherGame/Character and Platform Movement/Content/Sprites/Run_1.uasset"'
[2015.05.20-23.38.34:809][547]LogSourceControl: RunCommandInternalRaw: ExecProcess ReturnCode=0 OutResults=''
[2015.05.20-23.38.34:809][547]LogSourceControl: RunCommandInternalRaw: 'git status --porcelain --ignored "D:/Documents/NorthwesternCourses/EECS370/NetherGame/Character and Platform Movement/Content/Sprites/Run_2.uasset"'
[2015.05.20-23.38.34:828][548]LogSourceControl: RunCommandInternalRaw: 'git status --porcelain --ignored "D:/Documents/NorthwesternCourses/EECS370/NetherGame/Character and Platform Movement/Content/Sprites/Run_3.uasset" "D:/Documents/NorthwesternCourses/EECS370/NetherGame/Character and Platform Movement/Content/Sprites/Run_4.uasset"'
[2015.05.20-23.38.34:862][550]LogSourceControl: RunCommandInternalRaw: ExecProcess ReturnCode=0 OutResults=''
[2015.05.20-23.38.34:862][550]LogSourceControl: RunCommandInternalRaw: ExecProcess ReturnCode=0 OutResults=''
[2015.05.20-23.38.35:245][573]LogSourceControl: RunCommandInternalRaw: 'git status --porcelain --ignored "D:/Documents/NorthwesternCourses/EECS370/NetherGame/Character and Platform Movement/Content/Sprites/player_walking_1.uasset"'
[2015.05.20-23.38.35:263][574]LogSourceControl: RunCommandInternalRaw: 'git status --porcelain --ignored "D:/Documents/NorthwesternCourses/EECS370/NetherGame/Character and Platform Movement/Content/Sprites/player_running_1.uasset"'
[2015.05.20-23.38.35:278][575]LogSourceControl: RunCommandInternalRaw: ExecProcess ReturnCode=0 OutResults=''
[2015.05.20-23.38.35:297][576]LogSourceControl: RunCommandInternalRaw: ExecProcess ReturnCode=0 OutResults=''
[2015.05.20-23.38.35:328][578]LogSourceControl: RunCommandInternalRaw: 'git status --porcelain --ignored "D:/Documents/NorthwesternCourses/EECS370/NetherGame/Character and Platform Movement/Content/Sprites/player_jumping_1.uasset"'
[2015.05.20-23.38.35:360][580]LogSourceControl: RunCommandInternalRaw: ExecProcess ReturnCode=0 OutResults=''
[2015.05.20-23.39.25:304][572]Cmd: TRANSACTION UNDO
[2015.05.20-23.39.25:305][572]LogEditorTransaction: Undo Edit Properties
[2015.05.20-23.39.29:571][803]Cmd: TRANSACTION UNDO
[2015.05.20-23.39.29:571][803]LogEditorTransaction: Undo Edit Properties
[2015.05.20-23.39.30:383][832]Cmd: TRANSACTION UNDO
[2015.05.20-23.39.30:383][832]LogEditorTransaction: Undo Edit Properties
[2015.05.20-23.39.31:250][884]Cmd: TRANSACTION UNDO
[2015.05.20-23.39.31:250][884]LogEditorTransaction: Undo Edit Sprite
[2015.05.20-23.39.32:217][942]Cmd: TRANSACTION UNDO
[2015.05.20-23.39.32:217][942]LogEditorTransaction: Undo Add Child
[2015.05.20-23.39.57:293][441]LogSourceControl: RunCommandInternalRaw: 'git status --porcelain --ignored "D:/Documents/NorthwesternCourses/EECS370/NetherGame/Character and Platform Movement/Content/FlipBooks/player_runFlibook.uasset"'
[2015.05.20-23.39.57:331][441]LogSourceControl: RunCommandInternalRaw: ExecProcess ReturnCode=0 OutResults=''
[2015.05.20-23.39.57:674][441]LogSavePackage: Save=123.109589ms
[2015.05.20-23.39.57:675][441]LogSavePackage: Moving 'D:/Documents/NorthwesternCourses/EECS370/NetherGame/Character and Platform Movement/Saved/player_runFlibookC6C5863A4CD7D0F37C5526A2FDF2850C.tmp' to 'D:/Documents/NorthwesternCourses/EECS370/NetherGame/Character and Platform Movement/Content/FlipBooks/player_runFlibook.uasset'
[2015.05.20-23.39.57:717][441]LogSourceControl: RunCommandInternalRaw: 'git add "D:/Documents/NorthwesternCourses/EECS370/NetherGame/Character and Platform Movement/Content/FlipBooks/player_runFlibook.uasset"'
[2015.05.20-23.39.57:803][441]LogSourceControl: RunCommandInternalRaw: ExecProcess ReturnCode=0 OutResults=''
[2015.05.20-23.39.57:803][441]LogSourceControl: RunCommandInternalRaw: 'git status --porcelain --ignored "D:/Documents/NorthwesternCourses/EECS370/NetherGame/Character and Platform Movement/Content/FlipBooks/player_runFlibook.uasset"'
[2015.05.20-23.39.57:843][441]LogSourceControl: RunCommandInternalRaw: ExecProcess ReturnCode=0 OutResults='A  "Character and Platform Movement/Content/FlipBooks/player_runFlibook.uasset"
'
[2015.05.20-23.39.57:861][442]LogSourceControl: RunCommandInternalRaw: 'git status --porcelain --ignored "D:/Documents/NorthwesternCourses/EECS370/NetherGame/Character and Platform Movement/Content/FlipBooks/player_runFlibook.uasset"'
[2015.05.20-23.39.57:919][446]LogSourceControl: RunCommandInternalRaw: ExecProcess ReturnCode=0 OutResults='A  "Character and Platform Movement/Content/FlipBooks/player_runFlibook.uasset"
'
[2015.05.20-23.40.05:814][875]LogContentBrowser:Verbose: The content browser source was changed by the sources view to '/Game/Blueprints'
[2015.05.20-23.40.29:355][827]LogSourceControl: RunCommandInternalRaw: 'git status --porcelain --ignored "D:/Documents/NorthwesternCourses/EECS370/NetherGame/Character and Platform Movement/Content/FlipBooks/IdleFlipbook.uasset" "D:/Documents/NorthwesternCourses/EECS370/NetherGame/Character and Platform Movement/Content/FlipBooks/JumpFlipbook.uasset" "D:/Documents/NorthwesternCourses/EECS370/NetherGame/Character and Platform Movement/Content/FlipBooks/player_idleFlipbook.uasset" "D:/Documents/NorthwesternCourses/EECS370/NetherGame/Character and Platform Movement/Content/FlipBooks/player_runFlibook.uasset" "D:/Documents/NorthwesternCourses/EECS370/NetherGame/Character and Platform Movement/Content/FlipBooks/RunFlipbook.uasset"'
[2015.05.20-23.40.29:394][829]LogSourceControl: RunCommandInternalRaw: ExecProcess ReturnCode=0 OutResults='A  "Character and Platform Movement/Content/FlipBooks/player_runFlibook.uasset"
'
[2015.05.20-23.40.32:328][995]LogSourceControl: RunCommandInternalRaw: 'git status --porcelain --ignored "D:/Documents/NorthwesternCourses/EECS370/NetherGame/Character and Platform Movement/Content/Blueprints/MyCharacter.uasset"'
[2015.05.20-23.40.32:363][995]LogSourceControl: RunCommandInternalRaw: ExecProcess ReturnCode=0 OutResults=''
[2015.05.20-23.40.32:471][995]Cmd: OBJ SAVEPACKAGE PACKAGE="/Game/Blueprints/MyCharacter" FILE="D:/Documents/NorthwesternCourses/EECS370/NetherGame/Character and Platform Movement/Content/Blueprints/MyCharacter.uasset" SILENT=true
[2015.05.20-23.40.32:920][995]LogSavePackage: Save=353.174683ms
[2015.05.20-23.40.32:920][995]LogSavePackage: Moving 'D:/Documents/NorthwesternCourses/EECS370/NetherGame/Character and Platform Movement/Saved/MyCharacter0CCEB775475BAAE0E2F63FA8318C0BEC.tmp' to 'D:/Documents/NorthwesternCourses/EECS370/NetherGame/Character and Platform Movement/Content/Blueprints/MyCharacter.uasset'
[2015.05.20-23.40.32:953][996]LogSourceControl: RunCommandInternalRaw: 'git status --porcelain --ignored "D:/Documents/NorthwesternCourses/EECS370/NetherGame/Character and Platform Movement/Content/Blueprints/MyCharacter.uasset"'
[2015.05.20-23.40.32:989][998]LogSourceControl: RunCommandInternalRaw: ExecProcess ReturnCode=0 OutResults=' M "Character and Platform Movement/Content/Blueprints/MyCharacter.uasset"
'
[2015.05.20-23.40.33:883][ 51]LogSourceControl: RunCommandInternalRaw: 'git status --porcelain --ignored "D:/Documents/NorthwesternCourses/EECS370/NetherGame/Character and Platform Movement/Content/Blueprints/2DLift.uasset" "D:/Documents/NorthwesternCourses/EECS370/NetherGame/Character and Platform Movement/Content/Blueprints/MyCharacter.uasset" "D:/Documents/NorthwesternCourses/EECS370/NetherGame/Character and Platform Movement/Content/Blueprints/PaperGameMode.uasset"'
[2015.05.20-23.40.33:920][ 53]LogSourceControl: RunCommandInternalRaw: ExecProcess ReturnCode=0 OutResults=' M "Character and Platform Movement/Content/Blueprints/MyCharacter.uasset"
'
[2015.05.20-23.40.35:359][130]BlueprintLog: New page: Pre-PIE auto-recompile
[2015.05.20-23.40.35:381][130]LogPlayLevel: [PIE] Compiling MyCharacter before PIE...
[2015.05.20-23.40.35:745][130]LogPlayLevel: [PIE] Compiling 2DLift before PIE...
[2015.05.20-23.40.36:008][130]LogParticles: Destroying 0 GPU particle simulations for FXSystem 0x000000001D09C7C0
[2015.05.20-23.40.36:022][130]LogPlayLevel: PIE:  Blueprint regeneration took 663 ms (2 blueprints)
[2015.05.20-23.40.36:022][130]PIE: New page: PIE session: NewMap (May 20, 2015, 1:40:36 PM)
[2015.05.20-23.40.36:025][130]LogPlayLevel: PIE: StaticDuplicateObject took: (0.002372s)
[2015.05.20-23.40.36:026][130]LogPlayLevel: PIE: World Init took: (0.001098s)
[2015.05.20-23.40.36:027][130]LogPlayLevel: PIE: Created PIE world by copying editor world from /Game/NewMap.NewMap to /Game/UEDPIE_0_NewMap.NewMap (0.003794s)
[2015.05.20-23.40.36:243][130]LogWorld: Game class is 'PaperGameMode_C'
[2015.05.20-23.40.36:329][130]LogAIModule: Creating AISystem for world NewMap
[2015.05.20-23.40.36:334][130]LogWorld: Bringing World /Game/UEDPIE_0_NewMap.NewMap up for play (max tick rate 60) at 2015.05.20-18.40.36
[2015.05.20-23.40.36:363][130]LogWorld: Bringing up level for play took: 0.033280
[2015.05.20-23.40.36:420][130]PIE: Info Play in editor start time for /Game/UEDPIE_0_NewMap 1.865
[2015.05.20-23.41.05:881][590]LogContentBrowser:Verbose: The content browser source was changed by the sources view to '/Game/Data'
[2015.05.20-23.41.06:792][643]LogContentBrowser:Verbose: The content browser source was changed by the sources view to '/Game/FlipBooks'
[2015.05.20-23.41.07:821][702]LogSourceControl: RunCommandInternalRaw: 'git status --porcelain --ignored "D:/Documents/NorthwesternCourses/EECS370/NetherGame/Character and Platform Movement/Content/FlipBooks/IdleFlipbook.uasset" "D:/Documents/NorthwesternCourses/EECS370/NetherGame/Character and Platform Movement/Content/FlipBooks/JumpFlipbook.uasset" "D:/Documents/NorthwesternCourses/EECS370/NetherGame/Character and Platform Movement/Content/FlipBooks/player_idleFlipbook.uasset" "D:/Documents/NorthwesternCourses/EECS370/NetherGame/Character and Platform Movement/Content/FlipBooks/player_runFlibook.uasset" "D:/Documents/NorthwesternCourses/EECS370/NetherGame/Character and Platform Movement/Content/FlipBooks/RunFlipbook.uasset"'
[2015.05.20-23.41.07:861][704]LogSourceControl: RunCommandInternalRaw: ExecProcess ReturnCode=0 OutResults='A  "Character and Platform Movement/Content/FlipBooks/player_runFlibook.uasset"
'
[2015.05.20-23.41.45:043][819]LogContentBrowser:Verbose: The content browser source was changed by the sources view to '/Game/Sprites'
[2015.05.20-23.41.46:283][853]LogSourceControl: RunCommandInternalRaw: 'git status --porcelain --ignored "D:/Documents/NorthwesternCourses/EECS370/NetherGame/Character and Platform Movement/Content/Sprites/2DBackground_Sprite.uasset" "D:/Documents/NorthwesternCourses/EECS370/NetherGame/Character and Platform Movement/Content/Sprites/CharacterJumping_Sprite.uasset" "D:/Documents/NorthwesternCourses/EECS370/NetherGame/Character and Platform Movement/Content/Sprites/Idle_1.uasset" "D:/Documents/NorthwesternCourses/EECS370/NetherGame/Character and Platform Movement/Content/Sprites/Idle_2.uasset" "D:/Documents/NorthwesternCourses/EECS370/NetherGame/Character and Platform Movement/Content/Sprites/Idle_3.uasset" "D:/Documents/NorthwesternCourses/EECS370/NetherGame/Character and Platform Movement/Content/Sprites/Idle_4.uasset" "D:/Documents/NorthwesternCourses/EECS370/NetherGame/Character and Platform Movement/Content/Sprites/Idle_5.uasset" "D:/Documents/NorthwesternCourses/EECS370/NetherGame/Character and Platform Movement/Content/Sprites/Idle_6.uasset" "D:/Documents/NorthwesternCourses/EECS370/NetherGame/Character and Platform Movement/Content/Sprites/Idle_7.uasset" "D:/Documents/NorthwesternCourses/EECS370/NetherGame/Character and Platform Movement/Content/Sprites/Idle_8.uasset" "D:/Documents/NorthwesternCourses/EECS370/NetherGame/Character and Platform Movement/Content/Sprites/Platform.uasset" "D:/Documents/NorthwesternCourses/EECS370/NetherGame/Character and Platform Movement/Content/Sprites/player_idle_1.uasset" "D:/Documents/NorthwesternCourses/EECS370/NetherGame/Character and Platform Movement/Content/Sprites/player_idle_2.uasset" "D:/Documents/NorthwesternCourses/EECS370/NetherGame/Character and Platform Movement/Content/Sprites/player_idle_3.uasset" "D:/Documents/NorthwesternCourses/EECS370/NetherGame/Character and Platform Movement/Content/Sprites/player_idle_4.uasset" "D:/Documents/NorthwesternCourses/EECS370/NetherGame/Character and Platform Movement/Content/Sprites/player_idle_5.uasset" "D:/Documents/NorthwesternCourses/EECS370/NetherGame/Character and Platform Movement/Content/Sprites/player_idle_6.uasset" "D:/Documents/NorthwesternCourses/EECS370/NetherGame/Character and Platform Movement/Content/Sprites/player_idle_7.uasset" "D:/Documents/NorthwesternCourses/EECS370/NetherGame/Character and Platform Movement/Content/Sprites/player_jumping_1.uasset" "D:/Documents/NorthwesternCourses/EECS370/NetherGame/Character and Platform Movement/Content/Sprites/player_running_1.uasset" "D:/Documents/NorthwesternCourses/EECS370/NetherGame/Character and Platform Movement/Content/Sprites/player_walking_1.uasset" "D:/Documents/NorthwesternCourses/EECS370/NetherGame/Character and Platform Movement/Content/Sprites/PrototypeTexture_Sprite.uasset" "D:/Documents/NorthwesternCourses/EECS370/NetherGame/Character and Platform Movement/Content/Sprites/Run_1.uasset" "D:/Documents/NorthwesternCourses/EECS370/NetherGame/Character and Platform Movement/Content/Sprites/Run_2.uasset" "D:/Documents/NorthwesternCourses/EECS370/NetherGame/Character and Platform Movement/Content/Sprites/Run_3.uasset" "D:/Documents/NorthwesternCourses/EECS370/NetherGame/Character and Platform Movement/Content/Sprites/Run_4.uasset" "D:/Documents/NorthwesternCourses/EECS370/NetherGame/Character and Platform Movement/Content/Sprites/Run_5.uasset" "D:/Documents/NorthwesternCourses/EECS370/NetherGame/Character and Platform Movement/Content/Sprites/Run_6.uasset" "D:/Documents/NorthwesternCourses/EECS370/NetherGame/Character and Platform Movement/Content/Sprites/Run_7.uasset" "D:/Documents/NorthwesternCourses/EECS370/NetherGame/Character and Platform Movement/Content/Sprites/Run_8.uasset" "D:/Documents/NorthwesternCourses/EECS370/NetherGame/Character and Platform Movement/Content/Sprites/Run_9.uasset" "D:/Documents/NorthwesternCourses/EECS370/NetherGame/Character and Platform Movement/Content/Sprites/Run_10.uasset" "D:/Documents/NorthwesternCourses/EECS370/NetherGame/Character and Platform Movement/Content/Sprites/Run_11.uasset" "D:/Documents/NorthwesternCourses/EECS370/NetherGame/Character and Platform Movement/Content/Sprites/Run_12.uasset" "D:/Documents/NorthwesternCourses/EECS370/NetherGame/Character and Platform Movement/Content/Sprites/Run_13.uasset" "D:/Documents/NorthwesternCourses/EECS370/NetherGame/Character and Platform Movement/Content/Sprites/Run_14.uasset" "D:/Documents/NorthwesternCourses/EECS370/NetherGame/Character and Platform Movement/Content/Sprites/Run_15.uasset" "D:/Documents/NorthwesternCourses/EECS370/NetherGame/Character and Platform Movement/Content/Sprites/Run_16.uasset" "D:/Documents/NorthwesternCourses/EECS370/NetherGame/Character and Platform Movement/Content/Sprites/Sprites_EvilDarkmoon_Sprite_7.uasset" "D:/Documents/NorthwesternCourses/EECS370/NetherGame/Character and Platform Movement/Content/Sprites/Sprites_EvilDarkmoon_Sprite_8.uasset" "D:/Documents/NorthwesternCourses/EECS370/NetherGame/Character and Platform Movement/Content/Sprites/Sprites_EvilDarkmoon_Sprite_12.uasset" "D:/Documents/NorthwesternCourses/EECS370/NetherGame/Character and Platform Movement/Content/Sprites/Sprites_EvilDarkmoon_Sprite_13.uasset" "D:/Documents/NorthwesternCourses/EECS370/NetherGame/Character and Platform Movement/Content/Sprites/Sprites_EvilDarkmoon_Sprite_14.uasset" "D:/Documents/NorthwesternCourses/EECS370/NetherGame/Character and Platform Movement/Content/Sprites/Sprites_EvilDarkmoon_Sprite_15.uasset" "D:/Documents/NorthwesternCourses/EECS370/NetherGame/Character and Platform Movement/Content/Sprites/Sprites_EvilDarkmoon_Sprite_16.uasset" "D:/Documents/NorthwesternCourses/EECS370/NetherGame/Character and Platform Movement/Content/Sprites/Sprites_EvilDarkmoon_Sprite_17.uasset" "D:/Documents/NorthwesternCourses/EECS370/NetherGame/Character and Platform Movement/Content/Sprites/Sprites_EvilDarkmoon_Sprite_18.uasset" "D:/Documents/NorthwesternCourses/EECS370/NetherGame/Character and Platform Movement/Content/Sprites/Sprites_EvilDarkmoon_Sprite_19.uasset" "D:/Documents/NorthwesternCourses/EECS370/NetherGame/Character and Platform Movement/Content/Sprites/Sprites_EvilDarkmoon_Sprite_20.uasset" "D:/Documents/NorthwesternCourses/EECS370/NetherGame/Character and Platform Movement/Content/Sprites/Sprites_EvilDarkmoon_Sprite_21.uasset"'
[2015.05.20-23.41.46:333][855]LogSourceControl: RunCommandInternalRaw: ExecProcess ReturnCode=0 OutResults=''
[2015.05.20-23.41.46:333][855]LogSourceControl: RunCommandInternalRaw: 'git status --porcelain --ignored "D:/Documents/NorthwesternCourses/EECS370/NetherGame/Character and Platform Movement/Content/Sprites/Sprites_EvilDarkmoon_Sprite_22.uasset"'
[2015.05.20-23.41.46:355][856]LogSourceControl: RunCommandInternalRaw: ExecProcess ReturnCode=0 OutResults=''
[2015.05.20-23.41.49:573][985]LogWindows:Error: Windows GetLastError: The operation completed successfully. (0)
[2015.05.20-23.41.49:651][985]LogCrashTracker: 


[2015.05.20-23.42.59:267][985]LogCrashTracker: 


[2015.05.20-23.42.59:267][985]LogWindows: === Critical error: ===
Assertion failed: bWasFound [File:D:\BuildFarm\buildmachine_++depot+UE4-Releases+4.7\Engine\Source\Runtime\Slate\Private\Framework\Application\SlateApplication.cpp] [Line: 2194] 



KERNELBASE.dll!UnknownFunction (0x000007fefd3caaad) + 0 bytes [UnknownFile:0]
UE4Editor-Core.dll!FOutputDeviceWindowsError::Serialize() (0x000007fee5db8074) + 0 bytes [d:\buildfarm\buildmachine_++depot+ue4-releases+4.7\engine\source\runtime\core\private\windows\windowsplatformoutputdevices.cpp:95]
UE4Editor-Core.dll!FOutputDevice::Logf__VA() (0x000007fee5c37878) + 159 bytes [d:\buildfarm\buildmachine_++depot+ue4-releases+4.7\engine\source\runtime\core\private\misc\outputdevice.cpp:144]
UE4Editor-Core.dll!FDebug::AssertFailed() (0x000007fee5c18b17) + 62 bytes [d:\buildfarm\buildmachine_++depot+ue4-releases+4.7\engine\source\runtime\core\private\misc\outputdevice.cpp:224]
UE4Editor-Slate.dll!FSlateApplication::GeneratePathToWidgetChecked() (0x000007fedfcecc03) + 53 bytes [d:\buildfarm\buildmachine_++depot+ue4-releases+4.7\engine\source\runtime\slate\private\framework\application\slateapplication.cpp:2194]
UE4Editor-Slate.dll!FSlateApplication::PushMenu() (0x000007fedfd291f5) + 0 bytes [d:\buildfarm\buildmachine_++depot+ue4-releases+4.7\engine\source\runtime\slate\private\framework\application\slateapplication.cpp:1637]
UE4Editor-Slate.dll!STableViewBase::OnRightMouseButtonUp() (0x000007fedfee0779) + 119 bytes [d:\buildfarm\buildmachine_++depot+ue4-releases+4.7\engine\source\runtime\slate\private\widgets\views\stableviewbase.cpp:678]
UE4Editor-ContentBrowser.dll!SListView<TSharedPtr<FAssetViewItem,0> >::Private_OnItemRightClicked() (0x000007fed653335a) + 20 bytes [d:\buildfarm\buildmachine_++depot+ue4-releases+4.7\engine\source\runtime\slate\public\widgets\views\slistview.h:678]
UE4Editor-ContentBrowser.dll!STableRow<TSharedPtr<FAssetViewItem,0> >::OnMouseButtonUp() (0x000007fed6521865) + 0 bytes [d:\buildfarm\buildmachine_++depot+ue4-releases+4.7\engine\source\runtime\slate\public\widgets\views\stablerow.h:465]
UE4Editor-Slate.dll!<lambda_13af6b42409306e44b4e7065f2966a1b>::operator()() (0x000007fedfcbcc55) + 207 bytes [d:\buildfarm\buildmachine_++depot+ue4-releases+4.7\engine\source\runtime\slate\private\framework\application\slateapplication.cpp:4025]
UE4Editor-Slate.dll!FEventRouter::Route<FReply,FEventRouter::FBubblePolicy,FPointerEvent,<lambda_13af6b42409306e44b4e7065f2966a1b> >() (0x000007fedfc7738d) + 21 bytes [d:\buildfarm\buildmachine_++depot+ue4-releases+4.7\engine\source\runtime\slate\private\framework\application\slateapplication.cpp:202]
UE4Editor-Slate.dll!FSlateApplication::ProcessMouseButtonUpEvent() (0x000007fedfd25104) + 116 bytes [d:\buildfarm\buildmachine_++depot+ue4-releases+4.7\engine\source\runtime\slate\private\framework\application\slateapplication.cpp:4028]
UE4Editor-Slate.dll!FSlateApplication::OnMouseUp() (0x000007fedfd14926) + 16 bytes [d:\buildfarm\buildmachine_++depot+ue4-releases+4.7\engine\source\runtime\slate\private\framework\application\slateapplication.cpp:3949]
UE4Editor-Core.dll!FWindowsApplication::ProcessDeferredMessage() (0x000007fee5d139a9) + 15 bytes [d:\buildfarm\buildmachine_++depot+ue4-releases+4.7\engine\source\runtime\core\private\windows\windowsapplication.cpp:1385]
UE4Editor-Core.dll!FWindowsApplication::DeferMessage() (0x000007fee5d05d2e) + 74 bytes [d:\buildfarm\buildmachine_++depot+ue4-releases+4.7\engine\source\runtime\core\private\windows\windowsapplication.cpp:1669]
UE4Editor-Core.dll!FWindowsApplication::ProcessMessage() (0x000007fee5d14d50) + 41 bytes [d:\buildfarm\buildmachine_++depot+ue4-releases+4.7\engine\source\runtime\core\private\windows\windowsapplication.cpp:742]
UE4Editor-Core.dll!FWindowsApplication::AppWndProc() (0x000007fee5d03192) + 0 bytes [d:\buildfarm\buildmachine_++depot+ue4-releases+4.7\engine\source\runtime\core\private\windows\windowsapplication.cpp:604]
USER32.dll!UnknownFunction (0x00000000770e9bd1) + 0 bytes [UnknownFile:0]
USER32.dll!UnknownFunction (0x00000000770e98da) + 0 bytes [UnknownFile:0]
UE4Editor-Core.dll!FWindowsPlatformMisc::PumpMessages() (0x000007fee5db3ec6) + 48 bytes [d:\buildfarm\buildmachine_++depot+ue4-releases+4.7\engine\source\runtime\core\private\windows\windowsplatformmisc.cpp:774]
UE4Editor.exe!FEngineLoop::Tick() (0x000000013fc400a9) + 8 bytes [d:\buildfarm\buildmachine_++depot+ue4-releases+4.7\engine\source\runtime\launch\private\launchengineloop.cpp:2233]
UE4Editor.exe!GuardedMain() (0x000000013fc3267c) + 0 bytes [d:\buildfarm\buildmachine_++depot+ue4-releases+4.7\engine\source\runtime\launch\private\launch.cpp:142]
UE4Editor.exe!GuardedMainWrapper() (0x000000013fc326ea) + 5 bytes [d:\buildfarm\buildmachine_++depot+ue4-releases+4.7\engine\source\runtime\launch\private\windows\launchwindows.cpp:126]
UE4Editor.exe!WinMain() (0x000000013fc42219) + 17 bytes [d:\buildfarm\buildmachine_++depot+ue4-releases+4.7\engine\source\runtime\launch\private\windows\launchwindows.cpp:202]
UE4Editor.exe!__tmainCRTStartup() (0x000000013fc43159) + 21 bytes [f:\dd\vctools\crt\crtw32\dllstuff\crtexe.c:618]
kernel32.dll!UnknownFunction (0x00000000771e59cd) + 0 bytes [UnknownFile:0]
ntdll.dll!UnknownFunction (0x000000007731b981) + 0 bytes [UnknownFile:0]
ntdll.dll!UnknownFunction (0x000000007731b981) + 0 bytes [UnknownFile:0]


[2015.05.20-23.42.59:377][985]LogExit: Executing StaticShutdownAfterError
[2015.05.20-23.42.59:383][985]LogWindows: FPlatformMisc::RequestExit(1)
[2015.05.20-23.42.59:383][985]Log file closed, 05/20/15 18:42:59
