Log file open, 05/21/15 22:41:41
LogInit:Display: Running engine for game: MyPaper2DGame
LogInit: Version: 4.7.6-2513093+++depot+UE4-Releases+4.7
LogInit: API Version: 2455222
LogInit: Compiled (64-bit): Apr 15 2015 12:09:54
LogInit: Compiled with Visual C++: 18.00.21005.01
LogInit: Build Configuration: Development
LogInit: Branch Name: ++depot+UE4-Releases+4.7
LogInit: Command line: 
LogInit: Base directory: C:/Program Files/Epic Games/4.7/Engine/Binaries/Win64/
LogInit: Rocket: 1
[2015.05.22-03.41.41:841][  0]LogTaskGraph: Started task graph with 3 named threads and 6 total threads.
[2015.05.22-03.41.41:889][  0]LogOnline:Warning: No default platform service specified for OnlineSubsystem
[2015.05.22-03.41.41:899][  0]LogInit: Presizing for 0 objects not considered by GC, pre-allocating 0 bytes.
[2015.05.22-03.41.41:906][  0]LogInit: Object subsystem initialized
[2015.05.22-03.41.41:908][  0]LogConsoleResponse:Warning: Skipping Unknown console variable: 'TranslucentSortAxis = (X=0.000000,Y=-1.000000,Z=0.000000)'
[2015.05.22-03.41.41:908][  0]LogConsoleResponse:Warning:   Found in ini file 'C:/Users/BITCH/Documents/NetherGame/Character and Platform Movement/Saved/Config/Windows/Engine.ini', in section '[/Script/Engine.RendererSettings]'
[2015.05.22-03.41.41:908][  0]LogConsoleResponse:Warning: Skipping Unknown console variable: 'UIScaleRule = ShortestSide'
[2015.05.22-03.41.41:908][  0]LogConsoleResponse:Warning:   Found in ini file 'C:/Users/BITCH/Documents/NetherGame/Character and Platform Movement/Saved/Config/Windows/Engine.ini', in section '[/Script/Engine.RendererSettings]'
[2015.05.22-03.41.41:908][  0]LogConsoleResponse:Warning: Skipping Unknown console variable: 'UIScaleCurve = (EditorCurveData=(Keys=),ExternalCurve=None)'
[2015.05.22-03.41.41:908][  0]LogConsoleResponse:Warning:   Found in ini file 'C:/Users/BITCH/Documents/NetherGame/Character and Platform Movement/Saved/Config/Windows/Engine.ini', in section '[/Script/Engine.RendererSettings]'
[2015.05.22-03.41.41:908][  0]LogInit: Selected Device Profile: [Windows]
[2015.05.22-03.41.41:908][  0]LogInit: Applying CVar settings loaded from the selected device profile: [Windows]
[2015.05.22-03.41.41:915][  0]LogInit: Computer: GREG-PC
[2015.05.22-03.41.41:915][  0]LogInit: User: BITCH
[2015.05.22-03.41.41:915][  0]LogInit: CPU Page size=4096, Cores=4
[2015.05.22-03.41.41:915][  0]LogInit: High frequency timer resolution =3.218134 MHz
[2015.05.22-03.41.41:915][  0]LogMemory: Memory total: Physical=7.9GB (8GB approx) Virtual=8192.0GB
[2015.05.22-03.41.41:915][  0]LogMemory: Platform Memory Stats for Windows
[2015.05.22-03.41.41:915][  0]LogMemory: Process Physical Memory: 47.42 MB used, 47.42 MB peak
[2015.05.22-03.41.41:915][  0]LogMemory: Process Virtual Memory: 25.52 MB used, 25.52 MB peak
[2015.05.22-03.41.41:915][  0]LogMemory: Physical Memory: 3894.53 MB used, 8134.70 MB total
[2015.05.22-03.41.41:915][  0]LogMemory: Virtual Memory: 279.50 MB used, 8388608.00 MB total
[2015.05.22-03.41.41:935][  0]LogD3D11RHI: Found D3D11 adapter 0: NVIDIA GeForce GTX 750 Ti (Feature Level 11_0)
[2015.05.22-03.41.41:935][  0]LogD3D11RHI: Adapter has 1974MB of dedicated video memory, 0MB of dedicated system memory, and 2048MB of shared system memory, 1 output[s]
[2015.05.22-03.41.41:935][  0]LogD3D11RHI: Chosen D3D11 Adapter Id = 0
[2015.05.22-03.41.41:938][  0]LogRHI: Texture pool is 1361 MB (70% of 1945 MB)
[2015.05.22-03.41.41:944][  0]LogD3D11RHI: Async texture creation enabled
[2015.05.22-03.41.41:988][  0]LogTextLocalizationManager: The requested culture ('en_US') has no localization data; parent culture's ('en') localization data will be used.
[2015.05.22-03.41.42:034][  0]LogTextLocalizationManager:Warning: Loading localization resources contain conflicting entries for (Namespace:UICommands, Key:Save_ToolTip):
Resource: (C:/Program Files/Epic Games/4.7/Engine/Content/Localization/Editor/en/Editor.locres) Hash: (-29098895) String: (Saves the current level to disk)
Resource: (C:/Program Files/Epic Games/4.7/Engine/Content/Localization/Engine/en/Engine.locres) Hash: (-1280300587) String: (Save selected data to vlog file)
[2015.05.22-03.41.42:034][  0]LogTextLocalizationManager:Warning: Loading localization resources contain conflicting entries for (Namespace:ContentBrowser, Key:ImportAssetToolTip):
Resource: (C:/Program Files/Epic Games/4.7/Engine/Content/Localization/Editor/en/Editor.locres) Hash: (-630476809) String: (Import to {0}...)
Resource: (C:/Program Files/Epic Games/4.7/Engine/Content/Localization/Editor/en/Editor.locres) Hash: (1271782899) String: (Imports an asset from file to this folder.)
[2015.05.22-03.41.42:099][  0]LogContentStreaming: Texture pool size is 0.000000MB
[2015.05.22-03.41.43:954][  0]LogTargetPlatformManager:Display: Building Assets For Windows
[2015.05.22-03.41.44:369][  0]LogTargetPlatformManager:Display: Building Assets For Windows
[2015.05.22-03.41.44:417][  0]LogDerivedDataCache:Display: Max Cache Size: 512 MB
[2015.05.22-03.41.44:454][  0]LogDerivedDataCache: Loaded boot cache 0.04s 39MB C:/Users/BITCH/AppData/Local/UnrealEngine/4.7/DerivedDataCache/Boot.ddc.
[2015.05.22-03.41.44:455][  0]LogDerivedDataCache:Display: Loaded Boot cache: C:/Users/BITCH/AppData/Local/UnrealEngine/4.7/DerivedDataCache/Boot.ddc
[2015.05.22-03.41.44:455][  0]LogDerivedDataCache: FDerivedDataBackendGraph:  Pak pak cache file ../../../../../../Users/BITCH/Documents/NetherGame/Character and Platform Movement/DerivedDataCache/DDC.ddp not found, will not use a pak cache.
[2015.05.22-03.41.44:455][  0]LogDerivedDataCache: Unable to find inner node Pak for hierarchical cache Hierarchy.
[2015.05.22-03.41.44:553][  0]LogDerivedDataCache:Display: Pak cache opened for reading ../../../Engine/DerivedDataCache/Compressed.ddp.
[2015.05.22-03.41.44:564][  0]LogDerivedDataCache: Using Local data cache path C:/Users/BITCH/AppData/Local/UnrealEngine/Common/DerivedDataCache: Writable
[2015.05.22-03.41.44:810][  0]LogMeshUtilities: No automatic mesh reduction module available
[2015.05.22-03.41.44:810][  0]LogMeshUtilities: No automatic mesh merging module available
[2015.05.22-03.41.45:077][  0]LogInit: WinSock: version 1.1 (2.2), MaxSocks=32767, MaxUdp=65467
[2015.05.22-03.41.45:137][  0]LogSlate:Warning: Failed to load font data from '../../../Engine/Content/Slate/Fonts/Roboto-Italic.ttf'
[2015.05.22-03.41.45:743][  0]UdpMessaging: Initializing bridge on interface 0.0.0.0:0 to multicast group 230.0.0.1:6666.
[2015.05.22-03.41.45:906][  0]SourceControl: Info Source control is disabled
[2015.05.22-03.41.45:906][  0]SourceControl: Info Source control is disabled
[2015.05.22-03.41.45:906][  0]SourceControl: Info Source control is disabled
[2015.05.22-03.41.45:906][  0]LogSourceControl: RunCommandInternalRaw: 'git version'
[2015.05.22-03.41.45:906][  0]LogSourceControl: RunCommandInternalRaw: ExecProcess ReturnCode=2 OutResults=''
[2015.05.22-03.41.45:913][  0]LogSourceControl: RunCommandInternalRaw: 'git version'
[2015.05.22-03.41.45:919][  0]LogSourceControl: RunCommandInternalRaw: ExecProcess ReturnCode=0 OutResults='git version 1.9.5.msysgit.1
'
[2015.05.22-03.41.46:060][  0]LogObj: 24232 objects as part of root set at end of initial load.
[2015.05.22-03.41.46:060][  0]LogUObjectAllocator: 5137168 out of 0 bytes used by permanent object pool.
[2015.05.22-03.41.46:126][  0]LogEngine: Initializing Engine...
[2015.05.22-03.41.49:254][  0]LogInit: XAudio2 using 'ASUS VN248-C (NVIDIA High Definition Audio)' : 2 channels at 48 kHz using 16 bits per sample (channel mask 0x3)
[2015.05.22-03.41.49:394][  0]LogInit: FAudioDevice initialized.
[2015.05.22-03.41.49:431][  0]LogAIModule: Creating AISystem for world NewWorld
[2015.05.22-03.41.49:451][  0]LogDerivedDataCache: Saved boot cache 0.02s 39MB C:/Users/BITCH/AppData/Local/UnrealEngine/4.7/DerivedDataCache/Boot.ddc.
[2015.05.22-03.41.49:456][  0]LogInit: Texture streaming: Enabled
[2015.05.22-03.41.49:556][  0]LogAnalytics: Creating configured Analytics provider AnalyticsET
[2015.05.22-03.41.49:556][  0]LogAnalytics: ET APIKey = Rocket.Release. APIServer = http://et2.epicgames.com/ET2/. AppVersion = 4.7.6-2513093+++depot+UE4-Releases+4.7
[2015.05.22-03.41.49:556][  0]LogAnalytics: ET APIKey = Rocket.Release. DataRouterUploadURL = https://datarouter-public-service-gamedev.ol.epicgames.net/datarouter/api/v1/public/data. AppVersion = 4.7.6-2513093+++depot+UE4-Releases+4.7
[2015.05.22-03.41.49:556][  0]LogAnalytics: SetUserId d351b86a4c29049aa9d7b293835df1f7|b911a469314a4fbcbfff84b042252c14|6abd8c41-2950-4a7c-bf24-d475092f97b1
[2015.05.22-03.41.49:556][  0]LogAnalytics: AnalyticsET::StartSession [Rocket.Release]
[2015.05.22-03.41.49:572][  0]LogInit: Transaction tracking system initialized
[2015.05.22-03.41.49:698][  0]BlueprintLog: New page: Editor Load
[2015.05.22-03.41.49:726][  0]LogAssetRegistry: FAssetRegistry took 0.0099 seconds to start up
[2015.05.22-03.41.49:726][  0]LogDirectoryWatcher:Warning: Failed to begin reading directory changes for ../../../Engine/Plugins/Experimental/CharacterAI/Content/. Error: 0
[2015.05.22-03.41.50:145][  0]LogTargetPlatformManager:Display: Building Assets For Windows
[2015.05.22-03.41.50:440][  0]LogTargetPlatformManager:Display: Building Assets For Windows
[2015.05.22-03.41.50:637][  0]LogSlate:Warning: Failed to load font data from '../../../Engine/Content/Editor/Slate/Fonts/Roboto-Regular.ttf'
[2015.05.22-03.41.50:637][  0]LogSlate:Warning: Failed to load font data from '../../../Engine/Content/Editor/Slate/Fonts/Roboto-Bold.ttf'
[2015.05.22-03.41.50:641][  0]LogConsoleResponse:Display: 
[2015.05.22-03.41.50:738][  0]LogCook:Display: Done creating registry. It took  0.00s.
[2015.05.22-03.41.50:847][  0]LogSourceControl: RunCommandInternalRaw: 'git version'
[2015.05.22-03.41.50:852][  0]LogSourceControl: RunCommandInternalRaw: ExecProcess ReturnCode=0 OutResults='git version 1.9.5.msysgit.1
'
[2015.05.22-03.41.50:852][  0]Cmd: MAP LOAD FILE="../../../../../../Users/BITCH/Documents/NetherGame/Character and Platform Movement/Content/NewMap.umap" TEMPLATE=0 SHOWPROGRESS=1 FEATURELEVEL=3
[2015.05.22-03.41.50:853][  0]LightingResults: New page: Lighting Build
[2015.05.22-03.41.50:862][  0]MapCheck: New page: Map Check
[2015.05.22-03.41.50:862][  0]LightingResults: New page: Lighting Build
[2015.05.22-03.41.50:868][  0]LogParticles: Destroying 0 GPU particle simulations for FXSystem 0x0000000013470680
[2015.05.22-03.41.50:884][  0]LogEditorServer: Finished looking for orphan Actors (0.000 secs)
[2015.05.22-03.41.50:885][  0]LogAIModule: Creating AISystem for world NewMap
[2015.05.22-03.41.50:885][  0]Cmd: MAP CHECKDEP
[2015.05.22-03.41.50:885][  0]MapCheck: New page: NewMap - May 21, 2015, 5:41:50 PM
[2015.05.22-03.41.50:938][  0]MapCheck: Info Map check complete: 0 Error(s), 0 Warning(s), took 53.072ms to complete.
[2015.05.22-03.41.50:938][  0]LogFileHelpers: Loading map 'NewMap' took 0.086
[2015.05.22-03.41.51:046][  0]LogSourceControl: RunCommandInternalRaw: 'git status'
[2015.05.22-03.41.51:046][  0]LogCollectionManager: Loaded 0 collections in 0.001342 seconds
[2015.05.22-03.41.51:056][  0]LogContentBrowser: Native class hierarchy populated in 0.0095 seconds. Added 1696 classes and 261 folders.
[2015.05.22-03.41.51:085][  0]LogContentBrowser: Native class hierarchy updated for 'SceneOutliner' in 0.0050 seconds. Added 1 classes and 2 folders.
[2015.05.22-03.41.51:129][  0]LogSourceControl: RunCommandInternalRaw: ExecProcess ReturnCode=0 OutResults='On branch master
Your branch is up-to-date with 'origin/master'.

Changes to be committed:
  (use "git reset HEAD <file>..." to unstage)

	new file:   Character and Platform Movement/Content/Greg_World.umap
	new file:   Character and Platform Movement/Content/Materials/Cave_gray.uasset
	new file:   Character and Platform Movement/Content/Sprites/caveGray_Sprite.uasset
	new file:   Character and Platform Movement/Content/Sprites/cave_Sprite.uasset
	new file:   Character and Platform Movement/Content/Sprites/lift_Sprite.uasset
	new file:   Character and Platform Movement/Content/Textures/gray_caveBlock.uasset
	new file:   Character and Platform Movement/Content/Textures/lift.uasset
	new file:   Character and Platform Movement/Content/Textures/lift_Sprite.uasset

Changes not staged for commit:
  (use "git add <file>..." to update what will be committed)
  (use "git checkout -- <file>..." to discard changes in working directory)

	modified:   Character and Platform Movement/Content/Blueprints/2DLift.uasset
	modified:   Character and Platform Movement/Content/Blueprints/MyCharacter.uasset
	modified:   Character and Platform Movement/Content/Materials/Cave_gray.uasset
	modified:   Character and Platform Movement/Content/Materials/LevelPrototype.uasset
	modified:   Character and Platform Movement/Content/NewMap.umap
	modified:   Character and Platform Movement/Content/Sprites/caveGray_Sprite.uasset
	modified:   Character and Platform Movement/Content/Textures/cave.uasset
	modified:   Character and Platform Movement/Intermediate/CachedAssetRegistry.bin
	modified:   Character and Platform Movement/Intermediate/Config/CoalescedSourceConfigs/EditorUserSettings.ini
	modified:   Character and Platform Movement/Intermediate/Config/CoalescedSourceConfigs/Engine.ini
	modified:   Character and Platform Movement/Intermediate/Config/CoalescedSourceConfigs/Game.ini
	modified:   Character and Platform Movement/Saved/AutoScreenshot.png
	modified:   Character and Platform Movement/Saved/Autosaves/Game/NewMap_Auto1.umap
	modified:   Character and Platform Movement/Saved/Autosaves/Game/NewMap_Auto3.umap
	modified:   Character and Platform Movement/Saved/Autosaves/Game/NewMap_Auto4.umap
	modified:   Character and Platform Movement/Saved/Autosaves/PackageRestoreData.json
	modified:   Character and Platform Movement/Saved/Config/Windows/Editor.ini
	modified:   Character and Platform Movement/Saved/Config/Windows/EditorLayout.ini
	modified:   Character and Platform Movement/Saved/Config/Windows/EditorUserSettings.ini
	modified:   Character and Platform Movement/Saved/Config/Windows/Engine.ini
	modified:   Character and Platform Movement/Saved/Logs/MyPaper2DGame.log

Untracked files:
  (use "git add <file>..." to include in what will be committed)

	Character and Platform Movement/Content/Textures/cave_Sprite.uasset
	Character and Platform Movement/Saved/Autosaves/Game/Materials/Cave_gray_Auto1.uasset
	Character and Platform Movement/Saved/Autosaves/Game/Materials/Cave_gray_Auto3.uasset
	Character and Platform Movement/Saved/Autosaves/Game/Textures/gray_caveBlock_Auto2.uasset
	Character and Platform Movement/Saved/Autosaves/Game/Textures/lift_Auto3.uasset
	Character and Platform Movement/Saved/Backup/2DLift_2015-05-21-22-10-53.uasset
	Character and Platform Movement/Saved/Backup/Cave_gray_2015-05-21-15-03-24.uasset
	Character and Platform Movement/Saved/Backup/Cave_gray_2015-05-21-21-52-18.uasset
	Character and Platform Movement/Saved/Backup/Cave_gray_2015-05-21-22-19-01.uasset
	Character and Platform Movement/Saved/Backup/Cave_gray_2015-05-21-22-35-26.uasset
	Character and Platform Movement/Saved/Backup/LevelPrototype_2015-05-21-15-06-04.uasset
	Character and Platform Movement/Saved/Backup/MyCharacter_2015-05-21-22-17-48.uasset
	Character and Platform Movement/Saved/Backup/MyCharacter_2015-05-21-22-25-58.uasset
	Character and Platform Movement/Saved/Backup/MyCharacter_2015-05-21-22-31-34.uasset
	Character and Platform Movement/Saved/Backup/NewMap_2015-05-21-14-43-13.umap
	Character and Platform Movement/Saved/Backup/NewMap_2015-05-21-14-52-01.umap
	Character and Platform Movement/Saved/Backup/NewMap_2015-05-21-15-00-44.umap
	Character and Platform Movement/Saved/Backup/NewMap_2015-05-21-15-09-59.umap
	Character and Platform Movement/Saved/Backup/NewMap_2015-05-21-22-02-03.umap
	Character and Platform Movement/Saved/Backup/NewMap_2015-05-21-22-19-01.umap
	Character and Platform Movement/Saved/Backup/NewMap_2015-05-21-22-32-58.umap
	Character and Platform Movement/Saved/Backup/NewMap_2015-05-21-22-37-59.umap
	Character and Platform Movement/Saved/Backup/caveGray_Sprite_2015-05-21-15-00-01.uasset
	Character and Platform Movement/Saved/Backup/caveGray_Sprite_2015-05-21-15-10-58.uasset
	Character and Platform Movement/Saved/Backup/caveGray_Sprite_2015-05-21-21-52-55.uasset
	Character and Platform Movement/Saved/Backup/cave_2015-05-21-15-01-30.uasset
	Character and Platform Movement/Saved/Backup/cave_Sprite_2015-05-21-14-56-50.uasset
	Character and Platform Movement/Saved/Backup/lift_Sprite_2015-05-21-22-08-39.uasset
	Character and Platform Movement/Saved/Logs/MyPaper2DGame-backup-2015.05.21-14.32.54.log
	Character and Platform Movement/Saved/Logs/MyPaper2DGame-backup-2015.05.21-22.41.41.log

'
[2015.05.22-03.41.51:129][  0]LogSourceControl: RunCommandInternalRaw: 'git symbolic-ref --short HEAD'
[2015.05.22-03.41.51:129][  0]LogSourceControl: RunCommandInternalRaw: ExecProcess ReturnCode=0 OutResults='master
'
[2015.05.22-03.41.51:129][  0]LogCrashTracker: Crashtracker disabled due to settings.
[2015.05.22-03.41.51:130][  0]LogSlate:Warning: Failed to load font data from 'Veranda'
[2015.05.22-03.41.51:134][  0]LogUObjectGlobals:Warning: Failed to find object 'Class None.'
[2015.05.22-03.41.51:158][  0]LogLoad: Full Startup: 11.03 seconds (BP compile: 0.00 seconds)
[2015.05.22-03.41.51:684][  0]LogContentBrowser:Verbose: The content browser source was changed by the sources view to '/Game/Blueprints'
[2015.05.22-03.41.51:722][  0]SourceControl: Info master
[2015.05.22-03.41.51:793][  0]LogRenderer:Warning: Reallocating scene render targets to support 32x32 (Frame:2).
[2015.05.22-03.41.51:850][  0]LogRenderer:Warning: Reallocating scene render targets to support 904x576 (Frame:3).
[2015.05.22-03.41.53:937][  7]LogAssetRegistry: Asset discovery search completed in 4.2217 seconds
[2015.05.22-03.42.02:726][301]LogSourceControl: RunCommandInternalRaw: 'git status --porcelain --ignored "C:/Users/BITCH/Documents/NetherGame/Character and Platform Movement/Content/Blueprints/2DLift.uasset" "C:/Users/BITCH/Documents/NetherGame/Character and Platform Movement/Content/Blueprints/MyCharacter.uasset" "C:/Users/BITCH/Documents/NetherGame/Character and Platform Movement/Content/Blueprints/PaperGameMode.uasset"'
[2015.05.22-03.42.02:733][302]LogSourceControl: RunCommandInternalRaw: ExecProcess ReturnCode=0 OutResults=' M "Character and Platform Movement/Content/Blueprints/2DLift.uasset"
 M "Character and Platform Movement/Content/Blueprints/MyCharacter.uasset"
'
[2015.05.22-03.42.04:065][450]LogContentBrowser:Verbose: The content browser source was changed by the sources view to '/Game'
[2015.05.22-03.42.05:078][571]LogSourceControl: RunCommandInternalRaw: 'git status --porcelain --ignored "C:/Users/BITCH/Documents/NetherGame/Character and Platform Movement/Content/Greg_World.umap" "C:/Users/BITCH/Documents/NetherGame/Character and Platform Movement/Content/NewMap.umap"'
[2015.05.22-03.42.05:085][572]LogSourceControl: RunCommandInternalRaw: ExecProcess ReturnCode=0 OutResults='A  "Character and Platform Movement/Content/Greg_World.umap"
 M "Character and Platform Movement/Content/NewMap.umap"
'
[2015.05.22-03.42.07:236][807]Cmd: MAP LOAD FILE="../../../../../../Users/BITCH/Documents/NetherGame/Character and Platform Movement/Content/Greg_World.umap" TEMPLATE=0 SHOWPROGRESS=1 FEATURELEVEL=3
[2015.05.22-03.42.07:237][807]LightingResults: New page: Lighting Build
[2015.05.22-03.42.07:258][807]LoadErrors: New page: Loading map: Greg_World.umap
[2015.05.22-03.42.07:259][807]MapCheck: New page: Map Check
[2015.05.22-03.42.07:259][807]LightingResults: New page: Lighting Build
[2015.05.22-03.42.07:272][807]LogParticles: Destroying 0 GPU particle simulations for FXSystem 0x000000000B495F80
[2015.05.22-03.42.07:276][807]LogEditorServer: Finished looking for orphan Actors (0.000 secs)
[2015.05.22-03.42.07:277][807]LogAIModule: Creating AISystem for world Greg_World
[2015.05.22-03.42.07:308][807]Cmd: MAP CHECKDEP
[2015.05.22-03.42.07:308][807]MapCheck: New page: Greg_World - May 21, 2015, 5:42:07 PM
[2015.05.22-03.42.07:372][807]MapCheck: Info Map check complete: 0 Error(s), 0 Warning(s), took 63.615ms to complete.
[2015.05.22-03.42.07:372][807]LogFileHelpers: Loading map 'Greg_World' took 0.138
[2015.05.22-03.42.09:251][ 10]Cmd: MAP LOAD FILE="../../../../../../Users/BITCH/Documents/NetherGame/Character and Platform Movement/Content/NewMap.umap" TEMPLATE=0 SHOWPROGRESS=1 FEATURELEVEL=3
[2015.05.22-03.42.09:252][ 10]LightingResults: New page: Lighting Build
[2015.05.22-03.42.09:272][ 10]LoadErrors: New page: Loading map: NewMap.umap
[2015.05.22-03.42.09:272][ 10]MapCheck: New page: Map Check
[2015.05.22-03.42.09:272][ 10]LightingResults: New page: Lighting Build
[2015.05.22-03.42.09:284][ 10]LogParticles: Destroying 0 GPU particle simulations for FXSystem 0x0000000012FD3060
[2015.05.22-03.42.09:288][ 10]LogEditorServer: Finished looking for orphan Actors (0.000 secs)
[2015.05.22-03.42.09:288][ 10]LogAIModule: Creating AISystem for world NewMap
[2015.05.22-03.42.09:318][ 10]Cmd: MAP CHECKDEP
[2015.05.22-03.42.09:318][ 10]MapCheck: New page: NewMap - May 21, 2015, 5:42:09 PM
[2015.05.22-03.42.09:379][ 10]MapCheck: Info Map check complete: 0 Error(s), 0 Warning(s), took 61.009ms to complete.
[2015.05.22-03.42.09:380][ 10]LogFileHelpers: Loading map 'NewMap' took 0.130
[2015.05.22-03.42.13:622][475]Cmd: QUIT_EDITOR
[2015.05.22-03.42.13:812][475]LogExit: Preparing to exit.
[2015.05.22-03.42.14:860][475]LogExit: Editor shut down
[2015.05.22-03.42.14:860][475]LogExit: Transaction tracking system shut down
[2015.05.22-03.42.14:861][475]LogParticles: Destroying 0 GPU particle simulations for FXSystem 0x000000000D3DE200
[2015.05.22-03.42.14:861][475]LogParticles: Destroying 0 GPU particle simulations for FXSystem 0x000000000CDC6AC0
[2015.05.22-03.42.14:861][475]LogParticles: Destroying 0 GPU particle simulations for FXSystem 0x000000000D493880
[2015.05.22-03.42.14:861][475]LogParticles: Destroying 0 GPU particle simulations for FXSystem 0x000000000E04BF60
[2015.05.22-03.42.14:863][475]LogParticles: Destroying 0 GPU particle simulations for FXSystem 0x000000000CB8A340
[2015.05.22-03.42.14:930][475]LogExit: Object subsystem successfully closed.
[2015.05.22-03.42.14:966][475]LogModuleManager: Shutting down and abandoning module CrashTracker (177)
[2015.05.22-03.42.14:966][475]LogModuleManager: Shutting down and abandoning module SuperSearch (176)
[2015.05.22-03.42.14:966][475]LogModuleManager: Shutting down and abandoning module SceneOutliner (175)
[2015.05.22-03.42.14:966][475]LogModuleManager: Shutting down and abandoning module EditorWidgets (174)
[2015.05.22-03.42.14:966][475]LogModuleManager: Shutting down and abandoning module CollectionManager (173)
[2015.05.22-03.42.14:966][475]LogModuleManager: Shutting down and abandoning module StatsViewer (172)
[2015.05.22-03.42.14:966][475]LogModuleManager: Shutting down and abandoning module FoliageEdit (171)
[2015.05.22-03.42.14:966][475]LogModuleManager: Shutting down and abandoning module LandscapeEditor (170)
[2015.05.22-03.42.14:966][475]LogModuleManager: Shutting down and abandoning module MeshPaint (169)
[2015.05.22-03.42.14:966][475]LogModuleManager: Shutting down and abandoning module ActorPickerMode (168)
[2015.05.22-03.42.14:966][475]LogModuleManager: Shutting down and abandoning module GeometryMode (167)
[2015.05.22-03.42.14:966][475]LogModuleManager: Shutting down and abandoning module TextureAlignMode (166)
[2015.05.22-03.42.14:966][475]LogModuleManager: Shutting down and abandoning module BspMode (165)
[2015.05.22-03.42.14:966][475]LogModuleManager: Shutting down and abandoning module PlacementMode (164)
[2015.05.22-03.42.14:966][475]LogModuleManager: Shutting down and abandoning module AutomationWorker (163)
[2015.05.22-03.42.14:966][475]LogModuleManager: Shutting down and abandoning module CharacterAI (162)
[2015.05.22-03.42.14:966][475]LogModuleManager: Shutting down and abandoning module SmartSnapping (161)
[2015.05.22-03.42.14:966][475]LogModuleManager: Shutting down and abandoning module ViewportSnapping (160)
[2015.05.22-03.42.14:966][475]LogModuleManager: Shutting down and abandoning module LogVisualizer (159)
[2015.05.22-03.42.14:966][475]LogModuleManager: Shutting down and abandoning module GameProjectGeneration (158)
[2015.05.22-03.42.14:966][475]LogModuleManager: Shutting down and abandoning module IntroTutorials (157)
[2015.05.22-03.42.14:966][475]LogModuleManager: Shutting down and abandoning module EditorLiveStreaming (156)
[2015.05.22-03.42.14:966][475]LogModuleManager: Shutting down and abandoning module HardwareTargeting (155)
[2015.05.22-03.42.14:967][475]LogModuleManager: Shutting down and abandoning module DeviceProfileEditor (154)
[2015.05.22-03.42.14:967][475]LogModuleManager: Shutting down and abandoning module UndoHistory (153)
[2015.05.22-03.42.14:967][475]LogModuleManager: Shutting down and abandoning module GameplayTagsEditor (152)
[2015.05.22-03.42.14:967][475]LogModuleManager: Shutting down and abandoning module UserFeedback (151)
[2015.05.22-03.42.14:967][475]LogModuleManager: Shutting down and abandoning module XmlParser (150)
[2015.05.22-03.42.14:967][475]LogModuleManager: Shutting down and abandoning module Blutility (149)
[2015.05.22-03.42.14:967][475]LogModuleManager: Shutting down and abandoning module IOSPlatformEditor (148)
[2015.05.22-03.42.14:967][475]LogModuleManager: Shutting down and abandoning module IOSRuntimeSettings (147)
[2015.05.22-03.42.14:967][475]LogModuleManager: Shutting down and abandoning module AndroidDeviceDetection (146)
[2015.05.22-03.42.15:499][475]LogModuleManager: Shutting down and abandoning module AndroidPlatformEditor (145)
[2015.05.22-03.42.15:499][475]LogModuleManager: Shutting down and abandoning module AndroidRuntimeSettings (144)
[2015.05.22-03.42.15:499][475]LogModuleManager: Shutting down and abandoning module ProjectTargetPlatformEditor (143)
[2015.05.22-03.42.15:499][475]LogModuleManager: Shutting down and abandoning module ProjectSettingsViewer (142)
[2015.05.22-03.42.15:499][475]LogModuleManager: Shutting down and abandoning module InputBindingEditor (141)
[2015.05.22-03.42.15:500][475]LogModuleManager: Shutting down and abandoning module EditorSettingsViewer (140)
[2015.05.22-03.42.15:500][475]LogModuleManager: Shutting down and abandoning module SettingsEditor (139)
[2015.05.22-03.42.15:500][475]LogModuleManager: Shutting down and abandoning module ProjectLauncher (138)
[2015.05.22-03.42.15:500][475]LogModuleManager: Shutting down and abandoning module SessionFrontend (137)
[2015.05.22-03.42.15:500][475]LogModuleManager: Shutting down and abandoning module ProfilerClient (136)
[2015.05.22-03.42.15:500][475]LogModuleManager: Shutting down and abandoning module TargetDeviceServices (135)
[2015.05.22-03.42.15:500][475]LogModuleManager: Shutting down and abandoning module DeviceManager (134)
[2015.05.22-03.42.15:500][475]LogModuleManager: Shutting down and abandoning module AutomationController (133)
[2015.05.22-03.42.15:500][475]LogModuleManager: Shutting down and abandoning module AutomationWindow (132)
[2015.05.22-03.42.15:500][475]LogModuleManager: Shutting down and abandoning module Layers (131)
[2015.05.22-03.42.15:500][475]LogModuleManager: Shutting down and abandoning module ComponentVisualizers (130)
[2015.05.22-03.42.15:500][475]LogModuleManager: Shutting down and abandoning module DetailCustomizations (129)
[2015.05.22-03.42.15:501][475]LogModuleManager: Shutting down and abandoning module PackagesDialog (128)
[2015.05.22-03.42.15:501][475]LogModuleManager: Shutting down and abandoning module AssetRegistry (127)
[2015.05.22-03.42.15:632][475]LogModuleManager: Shutting down and abandoning module Persona (126)
[2015.05.22-03.42.15:632][475]LogModuleManager: Shutting down and abandoning module SlateReflector (125)
[2015.05.22-03.42.15:632][475]LogModuleManager: Shutting down and abandoning module LevelEditor (124)
[2015.05.22-03.42.15:633][475]LogModuleManager: Shutting down and abandoning module Kismet (123)
[2015.05.22-03.42.15:633][475]LogModuleManager: Shutting down and abandoning module GraphEditor (122)
[2015.05.22-03.42.15:633][475]LogModuleManager: Shutting down and abandoning module ClassViewer (121)
[2015.05.22-03.42.15:633][475]LogModuleManager: Shutting down and abandoning module Toolbox (120)
[2015.05.22-03.42.15:633][475]LogModuleManager: Shutting down and abandoning module ModuleUI (119)
[2015.05.22-03.42.15:633][475]LogModuleManager: Shutting down and abandoning module MovieSceneTools (118)
[2015.05.22-03.42.15:633][475]LogModuleManager: Shutting down and abandoning module OutputLog (117)
[2015.05.22-03.42.15:633][475]LogModuleManager: Shutting down and abandoning module GammaUI (116)
[2015.05.22-03.42.15:633][475]LogModuleManager: Shutting down and abandoning module Documentation (115)
[2015.05.22-03.42.15:633][475]LogModuleManager: Shutting down and abandoning module GameLiveStreaming (114)
[2015.05.22-03.42.15:633][475]LogModuleManager: Shutting down and abandoning module StreamingPauseRendering (113)
[2015.05.22-03.42.15:633][475]LogModuleManager: Shutting down and abandoning module HTTP (112)
[2015.05.22-03.42.15:634][475]LogModuleManager: Shutting down and abandoning module AnalyticsET (111)
[2015.05.22-03.42.15:634][475]LogModuleManager: Shutting down and abandoning module Analytics (110)
[2015.05.22-03.42.15:634][475]LogModuleManager: Shutting down and abandoning module AITestSuite (109)
[2015.05.22-03.42.15:634][475]LogModuleManager: Shutting down and abandoning module GameplayDebugger (108)
[2015.05.22-03.42.15:634][475]LogModuleManager: Shutting down and abandoning module AIModule (107)
[2015.05.22-03.42.15:634][475]LogModuleManager: Shutting down and abandoning module ProfilerService (106)
[2015.05.22-03.42.15:831][475]LogModuleManager: Shutting down and abandoning module TaskGraph (105)
[2015.05.22-03.42.15:831][475]LogModuleManager: Shutting down and abandoning module SlateRemote (104)
[2015.05.22-03.42.15:831][475]LogModuleManager: Shutting down and abandoning module ScriptEditorPlugin (103)
[2015.05.22-03.42.15:831][475]LogModuleManager: Shutting down and abandoning module CustomMeshComponent (102)
[2015.05.22-03.42.15:831][475]LogModuleManager: Shutting down and abandoning module CableComponent (101)
[2015.05.22-03.42.15:831][475]LogModuleManager: Shutting down and abandoning module MessagingDebugger (100)
[2015.05.22-03.42.15:831][475]LogModuleManager: Shutting down and abandoning module MediaPlayerEditor (99)
[2015.05.22-03.42.15:831][475]LogModuleManager: Shutting down and abandoning module SpeedTreeImporter (98)
[2015.05.22-03.42.15:831][475]LogModuleManager: Shutting down and abandoning module PluginsEditor (97)
[2015.05.22-03.42.15:831][475]LogModuleManager: Shutting down and abandoning module MainFrame (96)
[2015.05.22-03.42.15:831][475]LogModuleManager: Shutting down and abandoning module EpicSurvey (95)
[2015.05.22-03.42.15:831][475]LogModuleManager: Shutting down and abandoning module DesktopPlatform (94)
[2015.05.22-03.42.15:831][475]LogModuleManager: Shutting down and abandoning module DirectoryWatcher (93)
[2015.05.22-03.42.15:831][475]LogModuleManager: Shutting down and abandoning module HotReload (92)
[2015.05.22-03.42.15:831][475]LogModuleManager: Shutting down and abandoning module VisualStudioSourceCodeAccess (91)
[2015.05.22-03.42.15:831][475]LogModuleManager: Shutting down and abandoning module UObjectPlugin (90)
[2015.05.22-03.42.15:831][475]LogModuleManager: Shutting down and abandoning module SubversionSourceControl (89)
[2015.05.22-03.42.15:831][475]LogModuleManager: Shutting down and abandoning module PerforceSourceControl (88)
[2015.05.22-03.42.15:831][475]LogModuleManager: Shutting down and abandoning module SourceControl (87)
[2015.05.22-03.42.15:832][475]LogModuleManager: Shutting down and abandoning module GitSourceControl (86)
[2015.05.22-03.42.15:832][475]LogModuleManager: Shutting down and abandoning module BlankPlugin (85)
[2015.05.22-03.42.15:832][475]LogModuleManager: Shutting down and abandoning module PaperTiledImporter (84)
[2015.05.22-03.42.15:832][475]LogModuleManager: Shutting down and abandoning module PaperJsonImporter (83)
[2015.05.22-03.42.15:832][475]LogModuleManager: Shutting down and abandoning module ContentBrowser (82)
[2015.05.22-03.42.15:833][475]LogModuleManager: Shutting down and abandoning module Paper2DEditor (81)
[2015.05.22-03.42.15:833][475]LogModuleManager: Shutting down and abandoning module ScriptPlugin (80)
[2015.05.22-03.42.15:833][475]LogModuleManager: Shutting down and abandoning module UdpMessaging (79)
[2015.05.22-03.42.15:933][475]LogModuleManager: Shutting down and abandoning module Paper2D (78)
[2015.05.22-03.42.15:933][475]LogModuleManager: Shutting down and abandoning module WindowsMoviePlayer (77)
[2015.05.22-03.42.15:939][475]LogModuleManager: Shutting down and abandoning module Media (76)
[2015.05.22-03.42.15:939][475]LogModuleManager: Shutting down and abandoning module WmfMedia (75)
[2015.05.22-03.42.15:939][475]LogModuleManager: Shutting down and abandoning module OnlineBlueprintSupport (74)
[2015.05.22-03.42.15:939][475]LogModuleManager: Shutting down and abandoning module PropertyEditor (73)
[2015.05.22-03.42.15:940][475]LogModuleManager: Shutting down and abandoning module BehaviorTreeEditor (72)
[2015.05.22-03.42.15:940][475]LogModuleManager: Shutting down and abandoning module FunctionalTesting (71)
[2015.05.22-03.42.15:940][475]LogModuleManager: Shutting down and abandoning module CollisionAnalyzer (70)
[2015.05.22-03.42.15:940][475]LogModuleManager: Shutting down and abandoning module WorkspaceMenuStructure (69)
[2015.05.22-03.42.15:940][475]LogModuleManager: Shutting down and abandoning module MessageLog (68)
[2015.05.22-03.42.15:940][475]LogModuleManager: Shutting down and abandoning module Sequencer (67)
[2015.05.22-03.42.15:940][475]LogModuleManager: Shutting down and abandoning module AssetTools (66)
[2015.05.22-03.42.15:940][475]LogModuleManager: Shutting down and abandoning module UMGEditor (65)
[2015.05.22-03.42.15:940][475]LogModuleManager: Shutting down and abandoning module UMG (64)
[2015.05.22-03.42.15:940][475]LogModuleManager: Shutting down and abandoning module Slate (63)
[2015.05.22-03.42.15:940][475]LogModuleManager: Shutting down and abandoning module EditorStyle (62)
[2015.05.22-03.42.15:951][475]LogModuleManager: Shutting down and abandoning module SessionServices (61)
[2015.05.22-03.42.15:951][475]LogModuleManager: Shutting down and abandoning module SourceCodeAccess (60)
[2015.05.22-03.42.15:951][475]LogModuleManager: Shutting down and abandoning module HeadMountedDisplay (59)
[2015.05.22-03.42.15:951][475]LogModuleManager: Shutting down and abandoning module XAudio2 (58)
[2015.05.22-03.42.15:951][475]LogModuleManager: Shutting down and abandoning module Networking (56)
[2015.05.22-03.42.15:951][475]LogModuleManager: Shutting down and abandoning module Core (55)
[2015.05.22-03.42.15:951][475]LogModuleManager: Shutting down and abandoning module KismetCompiler (54)
[2015.05.22-03.42.15:951][475]LogModuleManager: Shutting down and abandoning module PhysXFormats (53)
[2015.05.22-03.42.15:951][475]LogModuleManager: Shutting down and abandoning module MeshUtilities (52)
[2015.05.22-03.42.15:951][475]LogModuleManager: Shutting down and abandoning module DerivedDataCache (51)
[2015.05.22-03.42.16:056][475]LogDerivedDataCache: Shutdown
[2015.05.22-03.42.16:056][475]LogModuleManager: Shutting down and abandoning module ShaderFormatOpenGL (50)
[2015.05.22-03.42.16:057][475]LogModuleManager: Shutting down and abandoning module ShaderFormatD3D (49)
[2015.05.22-03.42.16:057][475]LogModuleManager: Shutting down and abandoning module MetalShaderFormat (48)
[2015.05.22-03.42.16:057][475]LogModuleManager: Shutting down and abandoning module TextureFormatUncompressed (47)
[2015.05.22-03.42.16:057][475]LogModuleManager: Shutting down and abandoning module TextureFormatPVR (46)
[2015.05.22-03.42.16:057][475]LogModuleManager: Shutting down and abandoning module TextureFormatIntelISPCTexComp (45)
[2015.05.22-03.42.16:057][475]LogModuleManager: Shutting down and abandoning module TextureFormatDXT (44)
[2015.05.22-03.42.16:057][475]LogModuleManager: Shutting down and abandoning module ImageWrapper (43)
[2015.05.22-03.42.16:057][475]LogModuleManager: Shutting down and abandoning module TextureFormatASTC (42)
[2015.05.22-03.42.16:057][475]LogModuleManager: Shutting down and abandoning module TextureFormatAndroid (41)
[2015.05.22-03.42.16:057][475]LogModuleManager: Shutting down and abandoning module AudioFormatOpus (40)
[2015.05.22-03.42.16:057][475]LogModuleManager: Shutting down and abandoning module AudioFormatOgg (39)
[2015.05.22-03.42.16:057][475]LogModuleManager: Shutting down and abandoning module AudioFormatADPCM (38)
[2015.05.22-03.42.16:057][475]LogModuleManager: Shutting down and abandoning module LinuxTargetPlatform (37)
[2015.05.22-03.42.16:057][475]LogModuleManager: Shutting down and abandoning module LinuxServerTargetPlatform (36)
[2015.05.22-03.42.16:057][475]LogModuleManager: Shutting down and abandoning module LinuxNoEditorTargetPlatform (35)
[2015.05.22-03.42.16:057][475]LogModuleManager: Shutting down and abandoning module Messaging (34)
[2015.05.22-03.42.16:057][475]LogModuleManager: Shutting down and abandoning module IOSTargetPlatform (33)
[2015.05.22-03.42.16:057][475]LogModuleManager: Shutting down and abandoning module HTML5TargetPlatform (32)
[2015.05.22-03.42.16:057][475]LogModuleManager: Shutting down and abandoning module Android_PVRTCTargetPlatform (31)
[2015.05.22-03.42.16:057][475]LogModuleManager: Shutting down and abandoning module Android_ETC2TargetPlatform (30)
[2015.05.22-03.42.16:057][475]LogModuleManager: Shutting down and abandoning module Android_ETC1TargetPlatform (29)
[2015.05.22-03.42.16:057][475]LogModuleManager: Shutting down and abandoning module Android_ES31TargetPlatform (28)
[2015.05.22-03.42.16:057][475]LogModuleManager: Shutting down and abandoning module Android_DXTTargetPlatform (27)
[2015.05.22-03.42.16:057][475]LogModuleManager: Shutting down and abandoning module Android_ATCTargetPlatform (26)
[2015.05.22-03.42.16:057][475]LogModuleManager: Shutting down and abandoning module AndroidTargetPlatform (25)
[2015.05.22-03.42.16:057][475]LogModuleManager: Shutting down and abandoning module WindowsTargetPlatform (24)
[2015.05.22-03.42.16:057][475]LogModuleManager: Shutting down and abandoning module WindowsServerTargetPlatform (23)
[2015.05.22-03.42.16:057][475]LogModuleManager: Shutting down and abandoning module WindowsNoEditorTargetPlatform (22)
[2015.05.22-03.42.16:057][475]LogModuleManager: Shutting down and abandoning module WindowsClientTargetPlatform (21)
[2015.05.22-03.42.16:057][475]LogModuleManager: Shutting down and abandoning module TargetPlatform (20)
[2015.05.22-03.42.16:057][475]LogModuleManager: Shutting down and abandoning module InputCore (19)
[2015.05.22-03.42.16:057][475]LogModuleManager: Shutting down and abandoning module Settings (18)
[2015.05.22-03.42.16:057][475]LogModuleManager: Shutting down and abandoning module OnlineSubsystem (16)
[2015.05.22-03.42.16:058][475]LogModuleManager: Shutting down and abandoning module OculusRift (15)
[2015.05.22-03.42.16:058][475]LogModuleManager: Shutting down and abandoning module ExampleDeviceProfileSelector (14)
[2015.05.22-03.42.16:058][475]LogModuleManager: Shutting down and abandoning module TextureCompressor (13)
[2015.05.22-03.42.16:058][475]LogModuleManager: Shutting down and abandoning module ShaderCore (12)
[2015.05.22-03.42.16:058][475]LogModuleManager: Shutting down and abandoning module Landscape (11)
[2015.05.22-03.42.16:058][475]LogModuleManager: Shutting down and abandoning module SlateRHIRenderer (10)
[2015.05.22-03.42.16:062][475]LogModuleManager: Shutting down and abandoning module OpenGLDrv (9)
[2015.05.22-03.42.16:062][475]LogModuleManager: Shutting down and abandoning module D3D11RHI (8)
[2015.05.22-03.42.16:062][475]LogModuleManager: Shutting down and abandoning module Renderer (7)
[2015.05.22-03.42.16:062][475]LogModuleManager: Shutting down and abandoning module Engine (6)
[2015.05.22-03.42.16:062][475]LogModuleManager: Shutting down and abandoning module CoreUObject (5)
[2015.05.22-03.42.16:062][475]LogModuleManager: Shutting down and abandoning module NetworkFile (4)
[2015.05.22-03.42.16:062][475]LogModuleManager: Shutting down and abandoning module StreamingFile (3)
[2015.05.22-03.42.16:062][475]LogModuleManager: Shutting down and abandoning module SandboxFile (2)
[2015.05.22-03.42.16:062][475]LogModuleManager: Shutting down and abandoning module PakFile (1)
[2015.05.22-03.42.16:063][475]LogExit: Exiting.
[2015.05.22-03.42.16:074][475]Log file closed, 05/21/15 22:42:16
