Log file open, 05/24/15 16:38:17
LogInit:Display: Running engine for game: MyPaper2DGame
LogInit: Version: 4.7.6-2513093+++depot+UE4-Releases+4.7
LogInit: API Version: 2455222
LogInit: Compiled (64-bit): Apr 15 2015 12:09:54
LogInit: Compiled with Visual C++: 18.00.21005.01
LogInit: Build Configuration: Development
LogInit: Branch Name: ++depot+UE4-Releases+4.7
LogInit: Command line:  
LogInit: Base directory: C:/Program Files/Epic Games/4.7/Engine/Binaries/Win64/
LogInit: Rocket: 1
[2015.05.24-21.38.17:211][  0]LogTaskGraph: Started task graph with 3 named threads and 6 total threads.
[2015.05.24-21.38.17:264][  0]LogOnline:Warning: No default platform service specified for OnlineSubsystem
[2015.05.24-21.38.17:279][  0]LogInit: Presizing for 0 objects not considered by GC, pre-allocating 0 bytes.
[2015.05.24-21.38.17:291][  0]LogInit: Object subsystem initialized
[2015.05.24-21.38.17:293][  0]LogConsoleResponse:Warning: Skipping Unknown console variable: 'TranslucentSortAxis = (X=0.000000,Y=-1.000000,Z=0.000000)'
[2015.05.24-21.38.17:293][  0]LogConsoleResponse:Warning:   Found in ini file 'D:/Documents/NorthwesternCourses/EECS370/NetherGame/Character and Platform Movement/Saved/Config/Windows/Engine.ini', in section '[/Script/Engine.RendererSettings]'
[2015.05.24-21.38.17:293][  0]LogConsoleResponse:Warning: Skipping Unknown console variable: 'UIScaleRule = ShortestSide'
[2015.05.24-21.38.17:293][  0]LogConsoleResponse:Warning:   Found in ini file 'D:/Documents/NorthwesternCourses/EECS370/NetherGame/Character and Platform Movement/Saved/Config/Windows/Engine.ini', in section '[/Script/Engine.RendererSettings]'
[2015.05.24-21.38.17:293][  0]LogConsoleResponse:Warning: Skipping Unknown console variable: 'UIScaleCurve = (EditorCurveData=(Keys=),ExternalCurve=None)'
[2015.05.24-21.38.17:293][  0]LogConsoleResponse:Warning:   Found in ini file 'D:/Documents/NorthwesternCourses/EECS370/NetherGame/Character and Platform Movement/Saved/Config/Windows/Engine.ini', in section '[/Script/Engine.RendererSettings]'
[2015.05.24-21.38.17:293][  0]LogInit: Selected Device Profile: [Windows]
[2015.05.24-21.38.17:293][  0]LogInit: Applying CVar settings loaded from the selected device profile: [Windows]
[2015.05.24-21.38.17:351][  0]LogInit: Computer: COREY-ASUS
[2015.05.24-21.38.17:351][  0]LogInit: User: Corey
[2015.05.24-21.38.17:351][  0]LogInit: CPU Page size=4096, Cores=4
[2015.05.24-21.38.17:351][  0]LogInit: High frequency timer resolution =2.241035 MHz
[2015.05.24-21.38.17:351][  0]LogMemory: Memory total: Physical=8.0GB (8GB approx) Virtual=8192.0GB
[2015.05.24-21.38.17:352][  0]LogMemory: Platform Memory Stats for Windows
[2015.05.24-21.38.17:352][  0]LogMemory: Process Physical Memory: 48.13 MB used, 48.13 MB peak
[2015.05.24-21.38.17:352][  0]LogMemory: Process Virtual Memory: 27.52 MB used, 27.52 MB peak
[2015.05.24-21.38.17:352][  0]LogMemory: Physical Memory: 5243.63 MB used, 8145.34 MB total
[2015.05.24-21.38.17:352][  0]LogMemory: Virtual Memory: 276.73 MB used, 8388608.00 MB total
[2015.05.24-21.38.17:384][  0]LogD3D11RHI: Found D3D11 adapter 0: NVIDIA GeForce GTX 660M   (Feature Level 11_0)
[2015.05.24-21.38.17:384][  0]LogD3D11RHI: Adapter has 1990MB of dedicated video memory, 0MB of dedicated system memory, and 2048MB of shared system memory, 2 output[s]
[2015.05.24-21.38.17:384][  0]LogD3D11RHI: Chosen D3D11 Adapter Id = 0
[2015.05.24-21.38.17:390][  0]LogRHI: Texture pool is 1361 MB (70% of 1945 MB)
[2015.05.24-21.38.17:396][  0]LogD3D11RHI: Async texture creation enabled
[2015.05.24-21.38.17:704][  0]LogTextLocalizationManager: The requested culture ('en_US') has no localization data; parent culture's ('en') localization data will be used.
[2015.05.24-21.38.17:870][  0]LogTextLocalizationManager:Warning: Loading localization resources contain conflicting entries for (Namespace:UICommands, Key:Save_ToolTip):
Resource: (C:/Program Files/Epic Games/4.7/Engine/Content/Localization/Editor/en/Editor.locres) Hash: (-29098895) String: (Saves the current level to disk)
Resource: (C:/Program Files/Epic Games/4.7/Engine/Content/Localization/Engine/en/Engine.locres) Hash: (-1280300587) String: (Save selected data to vlog file)
[2015.05.24-21.38.17:870][  0]LogTextLocalizationManager:Warning: Loading localization resources contain conflicting entries for (Namespace:ContentBrowser, Key:ImportAssetToolTip):
Resource: (C:/Program Files/Epic Games/4.7/Engine/Content/Localization/Editor/en/Editor.locres) Hash: (-630476809) String: (Import to {0}...)
Resource: (C:/Program Files/Epic Games/4.7/Engine/Content/Localization/Editor/en/Editor.locres) Hash: (1271782899) String: (Imports an asset from file to this folder.)
[2015.05.24-21.38.18:006][  0]LogContentStreaming: Texture pool size is 0.000000MB
[2015.05.24-21.38.25:006][  0]LogTargetPlatformManager:Display: Building Assets For Windows
[2015.05.24-21.38.26:085][  0]LogTargetPlatformManager:Display: Building Assets For Windows
[2015.05.24-21.38.26:211][  0]LogDerivedDataCache:Display: Max Cache Size: 512 MB
[2015.05.24-21.38.26:757][  0]LogDerivedDataCache: Loaded boot cache 0.55s 39MB C:/Users/Corey/AppData/Local/UnrealEngine/4.7/DerivedDataCache/Boot.ddc.
[2015.05.24-21.38.26:757][  0]LogDerivedDataCache:Display: Loaded Boot cache: C:/Users/Corey/AppData/Local/UnrealEngine/4.7/DerivedDataCache/Boot.ddc
[2015.05.24-21.38.26:757][  0]LogDerivedDataCache: FDerivedDataBackendGraph:  Pak pak cache file D:/Documents/NorthwesternCourses/EECS370/NetherGame/Character and Platform Movement/DerivedDataCache/DDC.ddp not found, will not use a pak cache.
[2015.05.24-21.38.26:757][  0]LogDerivedDataCache: Unable to find inner node Pak for hierarchical cache Hierarchy.
[2015.05.24-21.38.26:932][  0]LogDerivedDataCache:Display: Pak cache opened for reading ../../../Engine/DerivedDataCache/Compressed.ddp.
[2015.05.24-21.38.26:944][  0]LogDerivedDataCache: Using Local data cache path C:/Users/Corey/AppData/Local/UnrealEngine/Common/DerivedDataCache: Writable
[2015.05.24-21.38.32:629][  0]LogMeshUtilities: No automatic mesh reduction module available
[2015.05.24-21.38.32:629][  0]LogMeshUtilities: No automatic mesh merging module available
[2015.05.24-21.38.34:084][  0]LogInit: WinSock: version 1.1 (2.2), MaxSocks=32767, MaxUdp=65467
[2015.05.24-21.38.34:393][  0]LogSlate:Warning: Failed to load font data from '../../../Engine/Content/Slate/Fonts/Roboto-Italic.ttf'
[2015.05.24-21.38.50:853][  0]UdpMessaging: Initializing bridge on interface 0.0.0.0:0 to multicast group 230.0.0.1:6666.
[2015.05.24-21.38.51:380][  0]SourceControl: Info Source control is disabled
[2015.05.24-21.38.51:381][  0]SourceControl: Info Source control is disabled
[2015.05.24-21.38.51:381][  0]SourceControl: Info Source control is disabled
[2015.05.24-21.38.51:381][  0]LogSourceControl: RunCommandInternalRaw: 'git version'
[2015.05.24-21.38.51:381][  0]LogSourceControl: RunCommandInternalRaw: ExecProcess ReturnCode=2 OutResults=''
[2015.05.24-21.38.51:390][  0]LogSourceControl: RunCommandInternalRaw: 'git version'
[2015.05.24-21.38.51:397][  0]LogSourceControl: RunCommandInternalRaw: ExecProcess ReturnCode=0 OutResults='git version 1.9.4.msysgit.2
'
[2015.05.24-21.38.52:001][  0]LogObj: 24232 objects as part of root set at end of initial load.
[2015.05.24-21.38.52:001][  0]LogUObjectAllocator: 5137176 out of 0 bytes used by permanent object pool.
[2015.05.24-21.38.52:235][  0]LogEngine: Initializing Engine...
[2015.05.24-21.38.55:990][  0]LogInit: XAudio2 using 'Speakers (High Definition Audio Device)' : 2 channels at 44.1 kHz using 16 bits per sample (channel mask 0x3)
[2015.05.24-21.38.56:006][  0]LogInit: FAudioDevice initialized.
[2015.05.24-21.38.56:080][  0]LogAIModule: Creating AISystem for world NewWorld
[2015.05.24-21.38.56:100][  0]LogDerivedDataCache: Saved boot cache 0.02s 39MB C:/Users/Corey/AppData/Local/UnrealEngine/4.7/DerivedDataCache/Boot.ddc.
[2015.05.24-21.38.56:105][  0]LogInit: Texture streaming: Enabled
[2015.05.24-21.38.56:749][  0]LogAnalytics: Creating configured Analytics provider AnalyticsET
[2015.05.24-21.38.56:749][  0]LogAnalytics: ET APIKey = Rocket.Release. APIServer = http://et2.epicgames.com/ET2/. AppVersion = 4.7.6-2513093+++depot+UE4-Releases+4.7
[2015.05.24-21.38.56:750][  0]LogAnalytics: ET APIKey = Rocket.Release. DataRouterUploadURL = https://datarouter-public-service-gamedev.ol.epicgames.net/datarouter/api/v1/public/data. AppVersion = 4.7.6-2513093+++depot+UE4-Releases+4.7
[2015.05.24-21.38.56:750][  0]LogAnalytics: SetUserId 12c3219546f8b89cd18dddafbb722cfc|65f93cb7fab04589be3cdcb1a89bdbef|be809adc-8ff5-4496-88c6-d743b9cfa36d
[2015.05.24-21.38.56:750][  0]LogAnalytics: AnalyticsET::StartSession [Rocket.Release]
[2015.05.24-21.38.56:952][  0]LogInit: Transaction tracking system initialized
[2015.05.24-21.38.57:484][  0]BlueprintLog: New page: Editor Load
[2015.05.24-21.38.57:539][  0]LogAssetRegistry: FAssetRegistry took 0.0101 seconds to start up
[2015.05.24-21.38.57:539][  0]LogDirectoryWatcher:Warning: Failed to begin reading directory changes for ../../../Engine/Plugins/Experimental/CharacterAI/Content/. Error: 0
[2015.05.24-21.38.58:644][  0]LogTargetPlatformManager:Display: Building Assets For Windows
[2015.05.24-21.38.59:043][  0]LogTargetPlatformManager:Display: Building Assets For Windows
[2015.05.24-21.38.59:762][  0]LogSlate:Warning: Failed to load font data from '../../../Engine/Content/Editor/Slate/Fonts/Roboto-Regular.ttf'
[2015.05.24-21.38.59:763][  0]LogSlate:Warning: Failed to load font data from '../../../Engine/Content/Editor/Slate/Fonts/Roboto-Bold.ttf'
[2015.05.24-21.38.59:887][  0]LogConsoleResponse:Display: 
[2015.05.24-21.39.03:137][  0]LogCook:Display: Done creating registry. It took  0.00s.
[2015.05.24-21.39.03:730][  0]LogSourceControl: RunCommandInternalRaw: 'git version'
[2015.05.24-21.39.03:737][  0]LogSourceControl: RunCommandInternalRaw: ExecProcess ReturnCode=0 OutResults='git version 1.9.4.msysgit.2
'
[2015.05.24-21.39.03:737][  0]Cmd: MAP LOAD FILE="D:/Documents/NorthwesternCourses/EECS370/NetherGame/Character and Platform Movement/Content/NewMap.umap" TEMPLATE=0 SHOWPROGRESS=1 FEATURELEVEL=3
[2015.05.24-21.39.03:738][  0]LightingResults: New page: Lighting Build
[2015.05.24-21.39.03:751][  0]MapCheck: New page: Map Check
[2015.05.24-21.39.03:751][  0]LightingResults: New page: Lighting Build
[2015.05.24-21.39.03:759][  0]LogParticles: Destroying 0 GPU particle simulations for FXSystem 0x0000000011D696C0
[2015.05.24-21.39.04:841][  0]LogTexture:Display: Building textures: gray_caveBlock (AutoDXT)
[2015.05.24-21.39.04:881][  0]LogMaterial: Missing cached shader map for material Cave_gray, compiling. 
[2015.05.24-21.39.05:110][  0]LogTexture:Display: Building textures: lift (BGRA8)
[2015.05.24-21.39.05:155][  0]LogEditorServer: Finished looking for orphan Actors (0.000 secs)
[2015.05.24-21.39.05:155][  0]LogAIModule: Creating AISystem for world NewMap
[2015.05.24-21.39.05:156][  0]Cmd: MAP CHECKDEP
[2015.05.24-21.39.05:156][  0]MapCheck: New page: NewMap - May 24, 2015, 11:39:05 AM
[2015.05.24-21.39.05:242][  0]MapCheck: Info Map check complete: 0 Error(s), 0 Warning(s), took 86.01ms to complete.
[2015.05.24-21.39.05:242][  0]LogFileHelpers: Loading map 'NewMap' took 1.505
[2015.05.24-21.39.05:657][  0]LogSourceControl: RunCommandInternalRaw: 'git status'
[2015.05.24-21.39.05:657][  0]LogSourceControl: RunCommandInternalRaw: ExecProcess ReturnCode=0 OutResults='On branch master
Your branch is up-to-date with 'origin/master'.

Changes not staged for commit:
  (use "git add <file>..." to update what will be committed)
  (use "git checkout -- <file>..." to discard changes in working directory)

	modified:   Character and Platform Movement/Intermediate/Config/CoalescedSourceConfigs/Engine.ini
	modified:   Character and Platform Movement/Intermediate/Config/CoalescedSourceConfigs/Game.ini
	modified:   Character and Platform Movement/Saved/Autosaves/PackageRestoreData.json
	modified:   Character and Platform Movement/Saved/Config/Windows/Editor.ini
	modified:   Character and Platform Movement/Saved/Config/Windows/EditorLayout.ini
	modified:   Character and Platform Movement/Saved/Config/